# JRE version: OpenJDK Runtime Environment (17.0.10) (build 17.0.10+0--11572160)
# Java VM: OpenJDK 64-Bit Server VM (17.0.10+0--11572160, mixed mode, tiered, compressed oops, compressed class ptrs, g1 gc, windows-amd64)
GC Precious Log:
 CPUs: 4 total, 4 available
 Memory: 8083M
 Large Page Support: Disabled
 NUMA Support: Disabled
 Compressed Oops: Enabled (32-bit)
 Heap Region Size: 1M
 Heap Min Capacity: 8M
 Heap Initial Capacity: 128M
 Heap Max Capacity: 2G
 Pre-touch: Disabled
 Parallel Workers: 4
 Concurrent Workers: 1
 Concurrent Refinement Workers: 4
 Periodic GC: Disabled
Heap:
 garbage-first heap   total 150528K, used 85248K [0x0000000080000000, 0x0000000100000000)
  region size 1024K, 1 young (1024K), 1 survivors (1024K)
 Metaspace       used 68311K, committed 69056K, reserved 1114112K
  class space    used 9189K, committed 9536K, reserved 1048576K
GC Heap History (20 events):
Event: 10.797 GC heap after
{Heap after GC invocations=24 (full 0):
 garbage-first heap   total 109568K, used 63290K [0x0000000080000000, 0x0000000100000000)
  region size 1024K, 2 young (2048K), 2 survivors (2048K)
 Metaspace       used 50971K, committed 51520K, reserved 1114112K
  class space    used 6864K, committed 7104K, reserved 1048576K
}
Event: 11.347 GC heap before
{Heap before GC invocations=25 (full 0):
 garbage-first heap   total 114688K, used 83770K [0x0000000080000000, 0x0000000100000000)
  region size 1024K, 20 young (20480K), 2 survivors (2048K)
 Metaspace       used 53168K, committed 53632K, reserved 1114112K
  class space    used 7094K, committed 7296K, reserved 1048576K
}
Event: 11.350 GC heap after
{Heap after GC invocations=26 (full 0):
 garbage-first heap   total 114688K, used 63450K [0x0000000080000000, 0x0000000100000000)
  region size 1024K, 2 young (2048K), 2 survivors (2048K)
 Metaspace       used 53168K, committed 53632K, reserved 1114112K
  class space    used 7094K, committed 7296K, reserved 1048576K
}
Event: 11.821 GC heap before
{Heap before GC invocations=26 (full 0):
 garbage-first heap   total 114688K, used 85978K [0x0000000080000000, 0x0000000100000000)
  region size 1024K, 24 young (24576K), 2 survivors (2048K)
 Metaspace       used 54728K, committed 55296K, reserved 1114112K
  class space    used 7370K, committed 7680K, reserved 1048576K
}
Event: 11.827 GC heap after
{Heap after GC invocations=27 (full 0):
 garbage-first heap   total 138240K, used 64540K [0x0000000080000000, 0x0000000100000000)
  region size 1024K, 3 young (3072K), 3 survivors (3072K)
 Metaspace       used 54728K, committed 55296K, reserved 1114112K
  class space    used 7370K, committed 7680K, reserved 1048576K
}
Event: 12.903 GC heap before
{Heap before GC invocations=28 (full 0):
 garbage-first heap   total 138240K, used 101404K [0x0000000080000000, 0x0000000100000000)
  region size 1024K, 39 young (39936K), 3 survivors (3072K)
 Metaspace       used 58918K, committed 59456K, reserved 1114112K
  class space    used 8070K, committed 8320K, reserved 1048576K
}
Event: 12.913 GC heap after
{Heap after GC invocations=29 (full 0):
 garbage-first heap   total 138240K, used 66862K [0x0000000080000000, 0x0000000100000000)
  region size 1024K, 5 young (5120K), 5 survivors (5120K)
 Metaspace       used 58918K, committed 59456K, reserved 1114112K
  class space    used 8070K, committed 8320K, reserved 1048576K
}
Event: 14.292 GC heap before
{Heap before GC invocations=29 (full 0):
 garbage-first heap   total 138240K, used 103726K [0x0000000080000000, 0x0000000100000000)
  region size 1024K, 41 young (41984K), 5 survivors (5120K)
 Metaspace       used 61512K, committed 62144K, reserved 1114112K
  class space    used 8421K, committed 8704K, reserved 1048576K
}
Event: 14.304 GC heap after
{Heap after GC invocations=30 (full 0):
 garbage-first heap   total 138240K, used 71124K [0x0000000080000000, 0x0000000100000000)
  region size 1024K, 6 young (6144K), 6 survivors (6144K)
 Metaspace       used 61512K, committed 62144K, reserved 1114112K
  class space    used 8421K, committed 8704K, reserved 1048576K
}
Event: 15.107 GC heap before
{Heap before GC invocations=31 (full 0):
 garbage-first heap   total 138240K, used 110036K [0x0000000080000000, 0x0000000100000000)
  region size 1024K, 41 young (41984K), 6 survivors (6144K)
 Metaspace       used 62384K, committed 63040K, reserved 1114112K
  class space    used 8540K, committed 8832K, reserved 1048576K
}
Event: 15.118 GC heap after
{Heap after GC invocations=32 (full 0):
 garbage-first heap   total 138240K, used 80670K [0x0000000080000000, 0x0000000100000000)
  region size 1024K, 6 young (6144K), 6 survivors (6144K)
 Metaspace       used 62384K, committed 63040K, reserved 1114112K
  class space    used 8540K, committed 8832K, reserved 1048576K
}
Event: 15.129 GC heap before
{Heap before GC invocations=32 (full 0):
 garbage-first heap   total 138240K, used 83742K [0x0000000080000000, 0x0000000100000000)
  region size 1024K, 7 young (7168K), 6 survivors (6144K)
 Metaspace       used 62384K, committed 63040K, reserved 1114112K
  class space    used 8540K, committed 8832K, reserved 1048576K
}
Event: 15.136 GC heap after
{Heap after GC invocations=33 (full 0):
 garbage-first heap   total 138240K, used 82153K [0x0000000080000000, 0x0000000100000000)
  region size 1024K, 1 young (1024K), 1 survivors (1024K)
 Metaspace       used 62384K, committed 63040K, reserved 1114112K
  class space    used 8540K, committed 8832K, reserved 1048576K
}
Event: 15.397 GC heap before
{Heap before GC invocations=33 (full 0):
 garbage-first heap   total 138240K, used 92393K [0x0000000080000000, 0x0000000100000000)
  region size 1024K, 12 young (12288K), 1 survivors (1024K)
 Metaspace       used 63001K, committed 63680K, reserved 1114112K
  class space    used 8598K, committed 8896K, reserved 1048576K
}
Event: 15.400 GC heap after
{Heap after GC invocations=34 (full 0):
 garbage-first heap   total 138240K, used 83668K [0x0000000080000000, 0x0000000100000000)
  region size 1024K, 3 young (3072K), 3 survivors (3072K)
 Metaspace       used 63001K, committed 63680K, reserved 1114112K
  class space    used 8598K, committed 8896K, reserved 1048576K
}
Event: 15.875 GC heap before
{Heap before GC invocations=35 (full 0):
 garbage-first heap   total 150528K, used 106196K [0x0000000080000000, 0x0000000100000000)
  region size 1024K, 24 young (24576K), 3 survivors (3072K)
 Metaspace       used 64635K, committed 65344K, reserved 1114112K
  class space    used 8831K, committed 9152K, reserved 1048576K
}
Event: 15.877 GC heap after
{Heap after GC invocations=36 (full 0):
 garbage-first heap   total 150528K, used 84896K [0x0000000080000000, 0x0000000100000000)
  region size 1024K, 1 young (1024K), 1 survivors (1024K)
 Metaspace       used 64635K, committed 65344K, reserved 1114112K
  class space    used 8831K, committed 9152K, reserved 1048576K
}
Event: 15.973 GC heap before
{Heap before GC invocations=36 (full 0):
 garbage-first heap   total 150528K, used 90016K [0x0000000080000000, 0x0000000100000000)
  region size 1024K, 7 young (7168K), 1 survivors (1024K)
 Metaspace       used 65082K, committed 65728K, reserved 1114112K
  class space    used 8890K, committed 9216K, reserved 1048576K
}
Event: 15.977 GC heap after
{Heap after GC invocations=37 (full 0):
 garbage-first heap   total 150528K, used 85058K [0x0000000080000000, 0x0000000100000000)
  region size 1024K, 1 young (1024K), 1 survivors (1024K)
 Metaspace       used 65082K, committed 65728K, reserved 1114112K
  class space    used 8890K, committed 9216K, reserved 1048576K
}
Event: 16.692 GC heap before
{Heap before GC invocations=37 (full 0):
 garbage-first heap   total 150528K, used 113730K [0x0000000080000000, 0x0000000100000000)
  region size 1024K, 29 young (29696K), 1 survivors (1024K)
 Metaspace       used 68311K, committed 69056K, reserved 1114112K
  class space    used 9189K, committed 9536K, reserved 1048576K
}

