# JRE version: OpenJDK Runtime Environment (17.0.10) (build 17.0.10+0--11572160)
# Java VM: OpenJDK 64-Bit Server VM (17.0.10+0--11572160, mixed mode, tiered, compressed oops, compressed class ptrs, g1 gc, windows-amd64)
GC Precious Log:
 CPUs: 4 total, 4 available
 Memory: 8083M
 Large Page Support: Disabled
 NUMA Support: Disabled
 Compressed Oops: Enabled (32-bit)
 Heap Region Size: 1M
 Heap Min Capacity: 8M
 Heap Initial Capacity: 128M
 Heap Max Capacity: 2G
 Pre-touch: Disabled
 Parallel Workers: 4
 Concurrent Workers: 1
 Concurrent Refinement Workers: 4
 Periodic GC: Disabled
Heap:
 garbage-first heap   total 254976K, used 137494K [0x0000000080000000, 0x0000000100000000)
  region size 1024K, 3 young (3072K), 3 survivors (3072K)
 Metaspace       used 106448K, committed 107200K, reserved 1179648K
  class space    used 14686K, committed 15040K, reserved 1048576K
GC Heap History (20 events):
Event: 13.726 GC heap after
{Heap after GC invocations=27 (full 0):
 garbage-first heap   total 254976K, used 63870K [0x0000000080000000, 0x0000000100000000)
  region size 1024K, 2 young (2048K), 2 survivors (2048K)
 Metaspace       used 68364K, committed 68992K, reserved 1114112K
  class space    used 9228K, committed 9536K, reserved 1048576K
}
Event: 15.823 GC heap before
{Heap before GC invocations=27 (full 0):
 garbage-first heap   total 254976K, used 157054K [0x0000000080000000, 0x0000000100000000)
  region size 1024K, 92 young (94208K), 2 survivors (2048K)
 Metaspace       used 76553K, committed 77184K, reserved 1179648K
  class space    used 10345K, committed 10624K, reserved 1048576K
}
Event: 15.835 GC heap after
{Heap after GC invocations=28 (full 0):
 garbage-first heap   total 254976K, used 70015K [0x0000000080000000, 0x0000000100000000)
  region size 1024K, 7 young (7168K), 7 survivors (7168K)
 Metaspace       used 76553K, committed 77184K, reserved 1179648K
  class space    used 10345K, committed 10624K, reserved 1048576K
}
Event: 18.195 GC heap before
{Heap before GC invocations=28 (full 0):
 garbage-first heap   total 254976K, used 179583K [0x0000000080000000, 0x0000000100000000)
  region size 1024K, 114 young (116736K), 7 survivors (7168K)
 Metaspace       used 83696K, committed 84352K, reserved 1179648K
  class space    used 11525K, committed 11840K, reserved 1048576K
}
Event: 18.217 GC heap after
{Heap after GC invocations=29 (full 0):
 garbage-first heap   total 254976K, used 74939K [0x0000000080000000, 0x0000000100000000)
  region size 1024K, 12 young (12288K), 12 survivors (12288K)
 Metaspace       used 83696K, committed 84352K, reserved 1179648K
  class space    used 11525K, committed 11840K, reserved 1048576K
}
Event: 20.931 GC heap before
{Heap before GC invocations=29 (full 0):
 garbage-first heap   total 254976K, used 184507K [0x0000000080000000, 0x0000000100000000)
  region size 1024K, 119 young (121856K), 12 survivors (12288K)
 Metaspace       used 92510K, committed 93184K, reserved 1179648K
  class space    used 12785K, committed 13120K, reserved 1048576K
}
Event: 20.955 GC heap after
{Heap after GC invocations=30 (full 0):
 garbage-first heap   total 254976K, used 81252K [0x0000000080000000, 0x0000000100000000)
  region size 1024K, 12 young (12288K), 12 survivors (12288K)
 Metaspace       used 92510K, committed 93184K, reserved 1179648K
  class space    used 12785K, committed 13120K, reserved 1048576K
}
Event: 23.434 GC heap before
{Heap before GC invocations=30 (full 0):
 garbage-first heap   total 254976K, used 195940K [0x0000000080000000, 0x0000000100000000)
  region size 1024K, 120 young (122880K), 12 survivors (12288K)
 Metaspace       used 97417K, committed 98112K, reserved 1179648K
  class space    used 13371K, committed 13696K, reserved 1048576K
}
Event: 23.464 GC heap after
{Heap after GC invocations=31 (full 0):
 garbage-first heap   total 254976K, used 88825K [0x0000000080000000, 0x0000000100000000)
  region size 1024K, 15 young (15360K), 15 survivors (15360K)
 Metaspace       used 97417K, committed 98112K, reserved 1179648K
  class space    used 13371K, committed 13696K, reserved 1048576K
}
Event: 25.606 GC heap before
{Heap before GC invocations=31 (full 0):
 garbage-first heap   total 254976K, used 193273K [0x0000000080000000, 0x0000000100000000)
  region size 1024K, 118 young (120832K), 15 survivors (15360K)
 Metaspace       used 98357K, committed 99072K, reserved 1179648K
  class space    used 13478K, committed 13824K, reserved 1048576K
}
Event: 25.631 GC heap after
{Heap after GC invocations=32 (full 0):
 garbage-first heap   total 254976K, used 93218K [0x0000000080000000, 0x0000000100000000)
  region size 1024K, 7 young (7168K), 7 survivors (7168K)
 Metaspace       used 98357K, committed 99072K, reserved 1179648K
  class space    used 13478K, committed 13824K, reserved 1048576K
}
Event: 26.457 GC heap before
{Heap before GC invocations=32 (full 0):
 garbage-first heap   total 254976K, used 176162K [0x0000000080000000, 0x0000000100000000)
  region size 1024K, 63 young (64512K), 7 survivors (7168K)
 Metaspace       used 102971K, committed 103744K, reserved 1179648K
  class space    used 14162K, committed 14528K, reserved 1048576K
}
Event: 26.475 GC heap after
{Heap after GC invocations=33 (full 0):
 garbage-first heap   total 254976K, used 120866K [0x0000000080000000, 0x0000000100000000)
  region size 1024K, 14 young (14336K), 14 survivors (14336K)
 Metaspace       used 102971K, committed 103744K, reserved 1179648K
  class space    used 14162K, committed 14528K, reserved 1048576K
}
Event: 26.481 GC heap before
{Heap before GC invocations=33 (full 0):
 garbage-first heap   total 254976K, used 129058K [0x0000000080000000, 0x0000000100000000)
  region size 1024K, 15 young (15360K), 14 survivors (14336K)
 Metaspace       used 102985K, committed 103744K, reserved 1179648K
  class space    used 14164K, committed 14528K, reserved 1048576K
}
Event: 26.492 GC heap after
{Heap after GC invocations=34 (full 0):
 garbage-first heap   total 254976K, used 127803K [0x0000000080000000, 0x0000000100000000)
  region size 1024K, 2 young (2048K), 2 survivors (2048K)
 Metaspace       used 102985K, committed 103744K, reserved 1179648K
  class space    used 14164K, committed 14528K, reserved 1048576K
}
Event: 27.237 GC heap before
{Heap before GC invocations=35 (full 0):
 garbage-first heap   total 254976K, used 185147K [0x0000000080000000, 0x0000000100000000)
  region size 1024K, 56 young (57344K), 2 survivors (2048K)
 Metaspace       used 105950K, committed 106688K, reserved 1179648K
  class space    used 14622K, committed 14976K, reserved 1048576K
}
Event: 27.262 GC heap after
{Heap after GC invocations=36 (full 0):
 garbage-first heap   total 254976K, used 136727K [0x0000000080000000, 0x0000000100000000)
  region size 1024K, 7 young (7168K), 7 survivors (7168K)
 Metaspace       used 105950K, committed 106688K, reserved 1179648K
  class space    used 14622K, committed 14976K, reserved 1048576K
}
Event: 27.290 GC heap before
{Heap before GC invocations=36 (full 0):
 garbage-first heap   total 254976K, used 140823K [0x0000000080000000, 0x0000000100000000)
  region size 1024K, 12 young (12288K), 7 survivors (7168K)
 Metaspace       used 106212K, committed 107008K, reserved 1179648K
  class space    used 14660K, committed 15040K, reserved 1048576K
}
Event: 27.310 GC heap after
{Heap after GC invocations=37 (full 0):
 garbage-first heap   total 254976K, used 136226K [0x0000000080000000, 0x0000000100000000)
  region size 1024K, 2 young (2048K), 2 survivors (2048K)
 Metaspace       used 106212K, committed 107008K, reserved 1179648K
  class space    used 14660K, committed 15040K, reserved 1048576K
}
Event: 27.342 GC heap before
{Heap before GC invocations=37 (full 0):
 garbage-first heap   total 254976K, used 140322K [0x0000000080000000, 0x0000000100000000)
  region size 1024K, 8 young (8192K), 2 survivors (2048K)
 Metaspace       used 106448K, committed 107200K, reserved 1179648K
  class space    used 14686K, committed 15040K, reserved 1048576K
}

