# JRE version: OpenJDK Runtime Environment (17.0.10) (build 17.0.10+0--11572160)
# Java VM: OpenJDK 64-Bit Server VM (17.0.10+0--11572160, mixed mode, tiered, compressed oops, compressed class ptrs, g1 gc, windows-amd64)
GC Precious Log:
 CPUs: 4 total, 4 available
 Memory: 8083M
 Large Page Support: Disabled
 NUMA Support: Disabled
 Compressed Oops: Enabled (32-bit)
 Heap Region Size: 1M
 Heap Min Capacity: 8M
 Heap Initial Capacity: 128M
 Heap Max Capacity: 2G
 Pre-touch: Disabled
 Parallel Workers: 4
 Concurrent Workers: 1
 Concurrent Refinement Workers: 4
 Periodic GC: Disabled
Heap:
 garbage-first heap   total 249856K, used 187392K [0x0000000080000000, 0x0000000100000000)
  region size 1024K, 5 young (5120K), 5 survivors (5120K)
 Metaspace       used 113504K, committed 114304K, reserved 1179648K
  class space    used 15925K, committed 16320K, reserved 1048576K
GC Heap History (20 events):
Event: 15.157 GC heap after
{Heap after GC invocations=32 (full 0):
 garbage-first heap   total 124928K, used 63106K [0x0000000080000000, 0x0000000100000000)
  region size 1024K, 2 young (2048K), 2 survivors (2048K)
 Metaspace       used 73833K, committed 74432K, reserved 1114112K
  class space    used 10009K, committed 10304K, reserved 1048576K
}
Event: 15.763 GC heap before
{Heap before GC invocations=33 (full 0):
 garbage-first heap   total 124928K, used 99970K [0x0000000080000000, 0x0000000100000000)
  region size 1024K, 39 young (39936K), 2 survivors (2048K)
 Metaspace       used 76880K, committed 77504K, reserved 1179648K
  class space    used 10403K, committed 10688K, reserved 1048576K
}
Event: 15.773 GC heap after
{Heap after GC invocations=34 (full 0):
 garbage-first heap   total 124928K, used 66560K [0x0000000080000000, 0x0000000100000000)
  region size 1024K, 5 young (5120K), 5 survivors (5120K)
 Metaspace       used 76880K, committed 77504K, reserved 1179648K
  class space    used 10403K, committed 10688K, reserved 1048576K
}
Event: 15.793 GC heap before
{Heap before GC invocations=34 (full 0):
 garbage-first heap   total 124928K, used 67584K [0x0000000080000000, 0x0000000100000000)
  region size 1024K, 6 young (6144K), 5 survivors (5120K)
 Metaspace       used 76968K, committed 77568K, reserved 1179648K
  class space    used 10411K, committed 10688K, reserved 1048576K
}
Event: 15.807 GC heap after
{Heap after GC invocations=35 (full 0):
 garbage-first heap   total 249856K, used 66988K [0x0000000080000000, 0x0000000100000000)
  region size 1024K, 1 young (1024K), 1 survivors (1024K)
 Metaspace       used 76968K, committed 77568K, reserved 1179648K
  class space    used 10411K, committed 10688K, reserved 1048576K
}
Event: 17.857 GC heap before
{Heap before GC invocations=35 (full 0):
 garbage-first heap   total 249856K, used 178604K [0x0000000080000000, 0x0000000100000000)
  region size 1024K, 109 young (111616K), 1 survivors (1024K)
 Metaspace       used 84815K, committed 85504K, reserved 1179648K
  class space    used 11707K, committed 12032K, reserved 1048576K
}
Event: 17.867 GC heap after
{Heap after GC invocations=36 (full 0):
 garbage-first heap   total 249856K, used 69939K [0x0000000080000000, 0x0000000100000000)
  region size 1024K, 4 young (4096K), 4 survivors (4096K)
 Metaspace       used 84815K, committed 85504K, reserved 1179648K
  class space    used 11707K, committed 12032K, reserved 1048576K
}
Event: 20.943 GC heap before
{Heap before GC invocations=36 (full 0):
 garbage-first heap   total 249856K, used 206131K [0x0000000080000000, 0x0000000100000000)
  region size 1024K, 133 young (136192K), 4 survivors (4096K)
 Metaspace       used 95738K, committed 96512K, reserved 1179648K
  class space    used 13153K, committed 13568K, reserved 1048576K
}
Event: 20.962 GC heap after
{Heap after GC invocations=37 (full 0):
 garbage-first heap   total 249856K, used 79469K [0x0000000080000000, 0x0000000100000000)
  region size 1024K, 13 young (13312K), 13 survivors (13312K)
 Metaspace       used 95738K, committed 96512K, reserved 1179648K
  class space    used 13153K, committed 13568K, reserved 1048576K
}
Event: 23.450 GC heap before
{Heap before GC invocations=37 (full 0):
 garbage-first heap   total 249856K, used 198253K [0x0000000080000000, 0x0000000100000000)
  region size 1024K, 130 young (133120K), 13 survivors (13312K)
 Metaspace       used 97859K, committed 98624K, reserved 1179648K
  class space    used 13441K, committed 13824K, reserved 1048576K
}
Event: 23.476 GC heap after
{Heap after GC invocations=38 (full 0):
 garbage-first heap   total 249856K, used 88417K [0x0000000080000000, 0x0000000100000000)
  region size 1024K, 9 young (9216K), 9 survivors (9216K)
 Metaspace       used 97859K, committed 98624K, reserved 1179648K
  class space    used 13441K, committed 13824K, reserved 1048576K
}
Event: 25.793 GC heap before
{Heap before GC invocations=38 (full 0):
 garbage-first heap   total 249856K, used 226657K [0x0000000080000000, 0x0000000100000000)
  region size 1024K, 118 young (120832K), 9 survivors (9216K)
 Metaspace       used 103012K, committed 103744K, reserved 1179648K
  class space    used 14203K, committed 14592K, reserved 1048576K
}
Event: 25.812 GC heap after
{Heap after GC invocations=39 (full 0):
 garbage-first heap   total 249856K, used 116482K [0x0000000080000000, 0x0000000100000000)
  region size 1024K, 13 young (13312K), 13 survivors (13312K)
 Metaspace       used 103012K, committed 103744K, reserved 1179648K
  class space    used 14203K, committed 14592K, reserved 1048576K
}
Event: 26.699 GC heap before
{Heap before GC invocations=39 (full 0):
 garbage-first heap   total 249856K, used 214786K [0x0000000080000000, 0x0000000100000000)
  region size 1024K, 95 young (97280K), 13 survivors (13312K)
 Metaspace       used 107879K, committed 108672K, reserved 1179648K
  class space    used 14902K, committed 15296K, reserved 1048576K
}
Event: 26.743 GC heap after
{Heap after GC invocations=40 (full 0):
 garbage-first heap   total 249856K, used 139589K [0x0000000080000000, 0x0000000100000000)
  region size 1024K, 12 young (12288K), 12 survivors (12288K)
 Metaspace       used 107879K, committed 108672K, reserved 1179648K
  class space    used 14902K, committed 15296K, reserved 1048576K
}
Event: 27.598 GC heap before
{Heap before GC invocations=40 (full 0):
 garbage-first heap   total 249856K, used 197957K [0x0000000080000000, 0x0000000100000000)
  region size 1024K, 69 young (70656K), 12 survivors (12288K)
 Metaspace       used 112686K, committed 113472K, reserved 1179648K
  class space    used 15826K, committed 16192K, reserved 1048576K
}
Event: 27.645 GC heap after
{Heap after GC invocations=41 (full 0):
 garbage-first heap   total 249856K, used 154624K [0x0000000080000000, 0x0000000100000000)
  region size 1024K, 9 young (9216K), 9 survivors (9216K)
 Metaspace       used 112686K, committed 113472K, reserved 1179648K
  class space    used 15826K, committed 16192K, reserved 1048576K
}
Event: 28.022 GC heap before
{Heap before GC invocations=41 (full 0):
 garbage-first heap   total 249856K, used 199680K [0x0000000080000000, 0x0000000100000000)
  region size 1024K, 54 young (55296K), 9 survivors (9216K)
 Metaspace       used 113413K, committed 114176K, reserved 1179648K
  class space    used 15920K, committed 16320K, reserved 1048576K
}
Event: 28.082 GC heap after
{Heap after GC invocations=42 (full 0):
 garbage-first heap   total 249856K, used 175104K [0x0000000080000000, 0x0000000100000000)
  region size 1024K, 7 young (7168K), 7 survivors (7168K)
 Metaspace       used 113413K, committed 114176K, reserved 1179648K
  class space    used 15920K, committed 16320K, reserved 1048576K
}
Event: 28.256 GC heap before
{Heap before GC invocations=42 (full 0):
 garbage-first heap   total 249856K, used 201728K [0x0000000080000000, 0x0000000100000000)
  region size 1024K, 33 young (33792K), 7 survivors (7168K)
 Metaspace       used 113504K, committed 114304K, reserved 1179648K
  class space    used 15925K, committed 16320K, reserved 1048576K
}

