# JRE version: OpenJDK Runtime Environment (17.0.10) (build 17.0.10+0--11572160)
# Java VM: OpenJDK 64-Bit Server VM (17.0.10+0--11572160, mixed mode, tiered, compressed oops, compressed class ptrs, g1 gc, windows-amd64)
GC Precious Log:
 CPUs: 4 total, 4 available
 Memory: 8083M
 Large Page Support: Disabled
 NUMA Support: Disabled
 Compressed Oops: Enabled (32-bit)
 Heap Region Size: 1M
 Heap Min Capacity: 8M
 Heap Initial Capacity: 128M
 Heap Max Capacity: 2G
 Pre-touch: Disabled
 Parallel Workers: 4
 Concurrent Workers: 1
 Concurrent Refinement Workers: 4
 Periodic GC: Disabled
Heap:
 garbage-first heap   total 173056K, used 98815K [0x0000000080000000, 0x0000000100000000)
  region size 1024K, 2 young (2048K), 2 survivors (2048K)
 Metaspace       used 85752K, committed 86464K, reserved 1179648K
  class space    used 11641K, committed 11968K, reserved 1048576K
GC Heap History (20 events):
Event: 17.838 GC heap after
{Heap after GC invocations=36 (full 0):
 garbage-first heap   total 135168K, used 84769K [0x0000000080000000, 0x0000000100000000)
  region size 1024K, 1 young (1024K), 1 survivors (1024K)
 Metaspace       used 63230K, committed 63872K, reserved 1114112K
  class space    used 8622K, committed 8896K, reserved 1048576K
}
Event: 18.342 GC heap before
{Heap before GC invocations=36 (full 0):
 garbage-first heap   total 135168K, used 108321K [0x0000000080000000, 0x0000000100000000)
  region size 1024K, 24 young (24576K), 1 survivors (1024K)
 Metaspace       used 65052K, committed 65728K, reserved 1114112K
  class space    used 8873K, committed 9152K, reserved 1048576K
}
Event: 18.347 GC heap after
{Heap after GC invocations=37 (full 0):
 garbage-first heap   total 171008K, used 85004K [0x0000000080000000, 0x0000000100000000)
  region size 1024K, 1 young (1024K), 1 survivors (1024K)
 Metaspace       used 65052K, committed 65728K, reserved 1114112K
  class space    used 8873K, committed 9152K, reserved 1048576K
}
Event: 19.280 GC heap before
{Heap before GC invocations=38 (full 0):
 garbage-first heap   total 171008K, used 126988K [0x0000000080000000, 0x0000000100000000)
  region size 1024K, 43 young (44032K), 1 survivors (1024K)
 Metaspace       used 69601K, committed 70336K, reserved 1114112K
  class space    used 9323K, committed 9664K, reserved 1048576K
}
Event: 19.284 GC heap after
{Heap after GC invocations=39 (full 0):
 garbage-first heap   total 171008K, used 86111K [0x0000000080000000, 0x0000000100000000)
  region size 1024K, 2 young (2048K), 2 survivors (2048K)
 Metaspace       used 69601K, committed 70336K, reserved 1114112K
  class space    used 9323K, committed 9664K, reserved 1048576K
}
Event: 19.452 GC heap before
{Heap before GC invocations=39 (full 0):
 garbage-first heap   total 171008K, used 92255K [0x0000000080000000, 0x0000000100000000)
  region size 1024K, 8 young (8192K), 2 survivors (2048K)
 Metaspace       used 70211K, committed 70912K, reserved 1114112K
  class space    used 9415K, committed 9728K, reserved 1048576K
}
Event: 19.457 GC heap after
{Heap after GC invocations=40 (full 0):
 garbage-first heap   total 171008K, used 86270K [0x0000000080000000, 0x0000000100000000)
  region size 1024K, 1 young (1024K), 1 survivors (1024K)
 Metaspace       used 70211K, committed 70912K, reserved 1114112K
  class space    used 9415K, committed 9728K, reserved 1048576K
}
Event: 21.173 GC heap before
{Heap before GC invocations=40 (full 0):
 garbage-first heap   total 171008K, used 104702K [0x0000000080000000, 0x0000000100000000)
  region size 1024K, 20 young (20480K), 1 survivors (1024K)
 Metaspace       used 72842K, committed 73536K, reserved 1114112K
  class space    used 9775K, committed 10112K, reserved 1048576K
}
Event: 21.177 GC heap after
{Heap after GC invocations=41 (full 0):
 garbage-first heap   total 171008K, used 88098K [0x0000000080000000, 0x0000000100000000)
  region size 1024K, 3 young (3072K), 3 survivors (3072K)
 Metaspace       used 72842K, committed 73536K, reserved 1114112K
  class space    used 9775K, committed 10112K, reserved 1048576K
}
Event: 22.108 GC heap before
{Heap before GC invocations=42 (full 0):
 garbage-first heap   total 173056K, used 139298K [0x0000000080000000, 0x0000000100000000)
  region size 1024K, 48 young (49152K), 3 survivors (3072K)
 Metaspace       used 75359K, committed 76032K, reserved 1179648K
  class space    used 10129K, committed 10432K, reserved 1048576K
}
Event: 22.115 GC heap after
{Heap after GC invocations=43 (full 0):
 garbage-first heap   total 173056K, used 92739K [0x0000000080000000, 0x0000000100000000)
  region size 1024K, 6 young (6144K), 6 survivors (6144K)
 Metaspace       used 75359K, committed 76032K, reserved 1179648K
  class space    used 10129K, committed 10432K, reserved 1048576K
}
Event: 22.145 GC heap before
{Heap before GC invocations=43 (full 0):
 garbage-first heap   total 173056K, used 93763K [0x0000000080000000, 0x0000000100000000)
  region size 1024K, 8 young (8192K), 6 survivors (6144K)
 Metaspace       used 75474K, committed 76160K, reserved 1179648K
  class space    used 10142K, committed 10432K, reserved 1048576K
}
Event: 22.155 GC heap after
{Heap after GC invocations=44 (full 0):
 garbage-first heap   total 173056K, used 92915K [0x0000000080000000, 0x0000000100000000)
  region size 1024K, 1 young (1024K), 1 survivors (1024K)
 Metaspace       used 75474K, committed 76160K, reserved 1179648K
  class space    used 10142K, committed 10432K, reserved 1048576K
}
Event: 23.510 GC heap before
{Heap before GC invocations=44 (full 0):
 garbage-first heap   total 173056K, used 136947K [0x0000000080000000, 0x0000000100000000)
  region size 1024K, 44 young (45056K), 1 survivors (1024K)
 Metaspace       used 79833K, committed 80512K, reserved 1179648K
  class space    used 10757K, committed 11072K, reserved 1048576K
}
Event: 23.515 GC heap after
{Heap after GC invocations=45 (full 0):
 garbage-first heap   total 173056K, used 93984K [0x0000000080000000, 0x0000000100000000)
  region size 1024K, 2 young (2048K), 2 survivors (2048K)
 Metaspace       used 79833K, committed 80512K, reserved 1179648K
  class space    used 10757K, committed 11072K, reserved 1048576K
}
Event: 24.314 GC heap before
{Heap before GC invocations=46 (full 0):
 garbage-first heap   total 173056K, used 139040K [0x0000000080000000, 0x0000000100000000)
  region size 1024K, 46 young (47104K), 2 survivors (2048K)
 Metaspace       used 82696K, committed 83392K, reserved 1179648K
  class space    used 11123K, committed 11456K, reserved 1048576K
}
Event: 24.322 GC heap after
{Heap after GC invocations=47 (full 0):
 garbage-first heap   total 173056K, used 97914K [0x0000000080000000, 0x0000000100000000)
  region size 1024K, 6 young (6144K), 6 survivors (6144K)
 Metaspace       used 82696K, committed 83392K, reserved 1179648K
  class space    used 11123K, committed 11456K, reserved 1048576K
}
Event: 24.356 GC heap before
{Heap before GC invocations=47 (full 0):
 garbage-first heap   total 173056K, used 99962K [0x0000000080000000, 0x0000000100000000)
  region size 1024K, 8 young (8192K), 6 survivors (6144K)
 Metaspace       used 82832K, committed 83456K, reserved 1179648K
  class space    used 11143K, committed 11456K, reserved 1048576K
}
Event: 24.365 GC heap after
{Heap after GC invocations=48 (full 0):
 garbage-first heap   total 173056K, used 98208K [0x0000000080000000, 0x0000000100000000)
  region size 1024K, 1 young (1024K), 1 survivors (1024K)
 Metaspace       used 82832K, committed 83456K, reserved 1179648K
  class space    used 11143K, committed 11456K, reserved 1048576K
}
Event: 25.237 GC heap before
{Heap before GC invocations=48 (full 0):
 garbage-first heap   total 173056K, used 142240K [0x0000000080000000, 0x0000000100000000)
  region size 1024K, 43 young (44032K), 1 survivors (1024K)
 Metaspace       used 85752K, committed 86464K, reserved 1179648K
  class space    used 11641K, committed 11968K, reserved 1048576K
}

