# JRE version: OpenJDK Runtime Environment (17.0.10) (build 17.0.10+0--11572160)
# Java VM: OpenJDK 64-Bit Server VM (17.0.10+0--11572160, mixed mode, tiered, compressed oops, compressed class ptrs, g1 gc, windows-amd64)
GC Precious Log:
 CPUs: 4 total, 4 available
 Memory: 8083M
 Large Page Support: Disabled
 NUMA Support: Disabled
 Compressed Oops: Enabled (32-bit)
 Heap Region Size: 1M
 Heap Min Capacity: 8M
 Heap Initial Capacity: 128M
 Heap Max Capacity: 2G
 Pre-touch: Disabled
 Parallel Workers: 4
 Concurrent Workers: 1
 Concurrent Refinement Workers: 4
 Periodic GC: Disabled
Heap:
 garbage-first heap   total 245760K, used 184004K [0x0000000080000000, 0x0000000100000000)
  region size 1024K, 5 young (5120K), 5 survivors (5120K)
 Metaspace       used 123524K, committed 124288K, reserved 1179648K
  class space    used 17234K, committed 17600K, reserved 1048576K
GC Heap History (20 events):
Event: 20.480 GC heap after
{Heap after GC invocations=32 (full 0):
 garbage-first heap   total 141312K, used 70576K [0x0000000080000000, 0x0000000100000000)
  region size 1024K, 1 young (1024K), 1 survivors (1024K)
 Metaspace       used 85992K, committed 86592K, reserved 1179648K
  class space    used 11878K, committed 12160K, reserved 1048576K
}
Event: 21.488 GC heap before
{Heap before GC invocations=32 (full 0):
 garbage-first heap   total 141312K, used 114608K [0x0000000080000000, 0x0000000100000000)
  region size 1024K, 44 young (45056K), 1 survivors (1024K)
 Metaspace       used 89264K, committed 89920K, reserved 1179648K
  class space    used 12384K, committed 12672K, reserved 1048576K
}
Event: 21.495 GC heap after
{Heap after GC invocations=33 (full 0):
 garbage-first heap   total 239616K, used 71842K [0x0000000080000000, 0x0000000100000000)
  region size 1024K, 2 young (2048K), 2 survivors (2048K)
 Metaspace       used 89264K, committed 89920K, reserved 1179648K
  class space    used 12384K, committed 12672K, reserved 1048576K
}
Event: 24.620 GC heap before
{Heap before GC invocations=34 (full 0):
 garbage-first heap   total 239616K, used 192674K [0x0000000080000000, 0x0000000100000000)
  region size 1024K, 116 young (118784K), 2 survivors (2048K)
 Metaspace       used 97149K, committed 97856K, reserved 1179648K
  class space    used 13383K, committed 13696K, reserved 1048576K
}
Event: 24.641 GC heap after
{Heap after GC invocations=35 (full 0):
 garbage-first heap   total 239616K, used 83359K [0x0000000080000000, 0x0000000100000000)
  region size 1024K, 14 young (14336K), 14 survivors (14336K)
 Metaspace       used 97149K, committed 97856K, reserved 1179648K
  class space    used 13383K, committed 13696K, reserved 1048576K
}
Event: 24.658 GC heap before
{Heap before GC invocations=35 (full 0):
 garbage-first heap   total 239616K, used 83359K [0x0000000080000000, 0x0000000100000000)
  region size 1024K, 15 young (15360K), 14 survivors (14336K)
 Metaspace       used 97150K, committed 97856K, reserved 1179648K
  class space    used 13383K, committed 13696K, reserved 1048576K
}
Event: 24.683 GC heap after
{Heap after GC invocations=36 (full 0):
 garbage-first heap   total 239616K, used 84383K [0x0000000080000000, 0x0000000100000000)
  region size 1024K, 2 young (2048K), 2 survivors (2048K)
 Metaspace       used 97150K, committed 97856K, reserved 1179648K
  class space    used 13383K, committed 13696K, reserved 1048576K
}
Event: 27.084 GC heap before
{Heap before GC invocations=36 (full 0):
 garbage-first heap   total 239616K, used 177567K [0x0000000080000000, 0x0000000100000000)
  region size 1024K, 94 young (96256K), 2 survivors (2048K)
 Metaspace       used 98475K, committed 99200K, reserved 1179648K
  class space    used 13535K, committed 13888K, reserved 1048576K
}
Event: 27.094 GC heap after
{Heap after GC invocations=37 (full 0):
 garbage-first heap   total 239616K, used 89195K [0x0000000080000000, 0x0000000100000000)
  region size 1024K, 7 young (7168K), 7 survivors (7168K)
 Metaspace       used 98475K, committed 99200K, reserved 1179648K
  class space    used 13535K, committed 13888K, reserved 1048576K
}
Event: 29.259 GC heap before
{Heap before GC invocations=37 (full 0):
 garbage-first heap   total 239616K, used 185451K [0x0000000080000000, 0x0000000100000000)
  region size 1024K, 100 young (102400K), 7 survivors (7168K)
 Metaspace       used 107639K, committed 108416K, reserved 1179648K
  class space    used 14718K, committed 15104K, reserved 1048576K
}
Event: 29.279 GC heap after
{Heap after GC invocations=38 (full 0):
 garbage-first heap   total 239616K, used 96098K [0x0000000080000000, 0x0000000100000000)
  region size 1024K, 12 young (12288K), 12 survivors (12288K)
 Metaspace       used 107639K, committed 108416K, reserved 1179648K
  class space    used 14718K, committed 15104K, reserved 1048576K
}
Event: 31.061 GC heap before
{Heap before GC invocations=38 (full 0):
 garbage-first heap   total 239616K, used 206690K [0x0000000080000000, 0x0000000100000000)
  region size 1024K, 103 young (105472K), 12 survivors (12288K)
 Metaspace       used 112221K, committed 113024K, reserved 1179648K
  class space    used 15401K, committed 15808K, reserved 1048576K
}
Event: 31.080 GC heap after
{Heap after GC invocations=39 (full 0):
 garbage-first heap   total 239616K, used 113065K [0x0000000080000000, 0x0000000100000000)
  region size 1024K, 13 young (13312K), 13 survivors (13312K)
 Metaspace       used 112221K, committed 113024K, reserved 1179648K
  class space    used 15401K, committed 15808K, reserved 1048576K
}
Event: 31.861 GC heap before
{Heap before GC invocations=39 (full 0):
 garbage-first heap   total 239616K, used 213417K [0x0000000080000000, 0x0000000100000000)
  region size 1024K, 90 young (92160K), 13 survivors (13312K)
 Metaspace       used 116543K, committed 117312K, reserved 1179648K
  class space    used 16036K, committed 16448K, reserved 1048576K
}
Event: 31.904 GC heap after
{Heap after GC invocations=40 (full 0):
 garbage-first heap   total 245760K, used 138555K [0x0000000080000000, 0x0000000100000000)
  region size 1024K, 12 young (12288K), 12 survivors (12288K)
 Metaspace       used 116543K, committed 117312K, reserved 1179648K
  class space    used 16036K, committed 16448K, reserved 1048576K
}
Event: 32.953 GC heap before
{Heap before GC invocations=40 (full 0):
 garbage-first heap   total 245760K, used 197947K [0x0000000080000000, 0x0000000100000000)
  region size 1024K, 69 young (70656K), 12 survivors (12288K)
 Metaspace       used 122001K, committed 122752K, reserved 1179648K
  class space    used 17093K, committed 17472K, reserved 1048576K
}
Event: 32.993 GC heap after
{Heap after GC invocations=41 (full 0):
 garbage-first heap   total 245760K, used 150212K [0x0000000080000000, 0x0000000100000000)
  region size 1024K, 9 young (9216K), 9 survivors (9216K)
 Metaspace       used 122001K, committed 122752K, reserved 1179648K
  class space    used 17093K, committed 17472K, reserved 1048576K
}
Event: 34.128 GC heap before
{Heap before GC invocations=41 (full 0):
 garbage-first heap   total 245760K, used 199364K [0x0000000080000000, 0x0000000100000000)
  region size 1024K, 58 young (59392K), 9 survivors (9216K)
 Metaspace       used 123194K, committed 123968K, reserved 1179648K
  class space    used 17204K, committed 17600K, reserved 1048576K
}
Event: 34.180 GC heap after
{Heap after GC invocations=42 (full 0):
 garbage-first heap   total 245760K, used 170180K [0x0000000080000000, 0x0000000100000000)
  region size 1024K, 8 young (8192K), 8 survivors (8192K)
 Metaspace       used 123194K, committed 123968K, reserved 1179648K
  class space    used 17204K, committed 17600K, reserved 1048576K
}
Event: 34.549 GC heap before
{Heap before GC invocations=42 (full 0):
 garbage-first heap   total 245760K, used 199876K [0x0000000080000000, 0x0000000100000000)
  region size 1024K, 37 young (37888K), 8 survivors (8192K)
 Metaspace       used 123524K, committed 124288K, reserved 1179648K
  class space    used 17234K, committed 17600K, reserved 1048576K
}

