# JRE version: OpenJDK Runtime Environment (17.0.10) (build 17.0.10+0--11572160)
# Java VM: OpenJDK 64-Bit Server VM (17.0.10+0--11572160, mixed mode, tiered, compressed oops, compressed class ptrs, g1 gc, windows-amd64)
GC Precious Log:
 CPUs: 4 total, 4 available
 Memory: 8083M
 Large Page Support: Disabled
 NUMA Support: Disabled
 Compressed Oops: Enabled (32-bit)
 Heap Region Size: 1M
 Heap Min Capacity: 8M
 Heap Initial Capacity: 128M
 Heap Max Capacity: 2G
 Pre-touch: Disabled
 Parallel Workers: 4
 Concurrent Workers: 1
 Concurrent Refinement Workers: 4
 Periodic GC: Disabled
Heap:
 garbage-first heap   total 393216K, used 245497K [0x0000000080000000, 0x0000000100000000)
  region size 1024K, 74 young (75776K), 16 survivors (16384K)
 Metaspace       used 123058K, committed 123904K, reserved 1179648K
  class space    used 17131K, committed 17536K, reserved 1048576K
GC Heap History (20 events):
Event: 24.459 GC heap before
{Heap before GC invocations=33 (full 0):
 garbage-first heap   total 162816K, used 130059K [0x0000000080000000, 0x0000000100000000)
  region size 1024K, 46 young (47104K), 1 survivors (1024K)
 Metaspace       used 97752K, committed 98432K, reserved 1179648K
  class space    used 13425K, committed 13760K, reserved 1048576K
}
Event: 24.473 GC heap after
{Heap after GC invocations=34 (full 0):
 garbage-first heap   total 195584K, used 89054K [0x0000000080000000, 0x0000000100000000)
  region size 1024K, 5 young (5120K), 5 survivors (5120K)
 Metaspace       used 97752K, committed 98432K, reserved 1179648K
  class space    used 13425K, committed 13760K, reserved 1048576K
}
Event: 25.968 GC heap before
{Heap before GC invocations=35 (full 0):
 garbage-first heap   total 195584K, used 156638K [0x0000000080000000, 0x0000000100000000)
  region size 1024K, 72 young (73728K), 5 survivors (5120K)
 Metaspace       used 100168K, committed 100864K, reserved 1179648K
  class space    used 13765K, committed 14080K, reserved 1048576K
}
Event: 25.984 GC heap after
{Heap after GC invocations=36 (full 0):
 garbage-first heap   total 195584K, used 93274K [0x0000000080000000, 0x0000000100000000)
  region size 1024K, 8 young (8192K), 8 survivors (8192K)
 Metaspace       used 100168K, committed 100864K, reserved 1179648K
  class space    used 13765K, committed 14080K, reserved 1048576K
}
Event: 26.016 GC heap before
{Heap before GC invocations=36 (full 0):
 garbage-first heap   total 195584K, used 93274K [0x0000000080000000, 0x0000000100000000)
  region size 1024K, 9 young (9216K), 8 survivors (8192K)
 Metaspace       used 100363K, committed 101056K, reserved 1179648K
  class space    used 13786K, committed 14144K, reserved 1048576K
}
Event: 26.029 GC heap after
{Heap after GC invocations=37 (full 0):
 garbage-first heap   total 195584K, used 91507K [0x0000000080000000, 0x0000000100000000)
  region size 1024K, 1 young (1024K), 1 survivors (1024K)
 Metaspace       used 100363K, committed 101056K, reserved 1179648K
  class space    used 13786K, committed 14144K, reserved 1048576K
}
Event: 28.354 GC heap before
{Heap before GC invocations=37 (full 0):
 garbage-first heap   total 195584K, used 158067K [0x0000000080000000, 0x0000000100000000)
  region size 1024K, 65 young (66560K), 1 survivors (1024K)
 Metaspace       used 107107K, committed 107840K, reserved 1179648K
  class space    used 14646K, committed 14976K, reserved 1048576K
}
Event: 28.368 GC heap after
{Heap after GC invocations=38 (full 0):
 garbage-first heap   total 195584K, used 103798K [0x0000000080000000, 0x0000000100000000)
  region size 1024K, 9 young (9216K), 9 survivors (9216K)
 Metaspace       used 107107K, committed 107840K, reserved 1179648K
  class space    used 14646K, committed 14976K, reserved 1048576K
}
Event: 29.881 GC heap before
{Heap before GC invocations=39 (full 0):
 garbage-first heap   total 195584K, used 152950K [0x0000000080000000, 0x0000000100000000)
  region size 1024K, 58 young (59392K), 9 survivors (9216K)
 Metaspace       used 107938K, committed 108672K, reserved 1179648K
  class space    used 14761K, committed 15104K, reserved 1048576K
}
Event: 29.898 GC heap after
{Heap after GC invocations=40 (full 0):
 garbage-first heap   total 195584K, used 104382K [0x0000000080000000, 0x0000000100000000)
  region size 1024K, 5 young (5120K), 5 survivors (5120K)
 Metaspace       used 107938K, committed 108672K, reserved 1179648K
  class space    used 14761K, committed 15104K, reserved 1048576K
}
Event: 30.001 GC heap before
{Heap before GC invocations=40 (full 0):
 garbage-first heap   total 195584K, used 107454K [0x0000000080000000, 0x0000000100000000)
  region size 1024K, 9 young (9216K), 5 survivors (5120K)
 Metaspace       used 107962K, committed 108736K, reserved 1179648K
  class space    used 14766K, committed 15104K, reserved 1048576K
}
Event: 30.012 GC heap after
{Heap after GC invocations=41 (full 0):
 garbage-first heap   total 195584K, used 103292K [0x0000000080000000, 0x0000000100000000)
  region size 1024K, 2 young (2048K), 2 survivors (2048K)
 Metaspace       used 107962K, committed 108736K, reserved 1179648K
  class space    used 14766K, committed 15104K, reserved 1048576K
}
Event: 30.947 GC heap before
{Heap before GC invocations=41 (full 0):
 garbage-first heap   total 195584K, used 175996K [0x0000000080000000, 0x0000000100000000)
  region size 1024K, 52 young (53248K), 2 survivors (2048K)
 Metaspace       used 112467K, committed 113216K, reserved 1179648K
  class space    used 15444K, committed 15808K, reserved 1048576K
}
Event: 30.956 GC heap after
{Heap after GC invocations=42 (full 0):
 garbage-first heap   total 195584K, used 124082K [0x0000000080000000, 0x0000000100000000)
  region size 1024K, 7 young (7168K), 7 survivors (7168K)
 Metaspace       used 112467K, committed 113216K, reserved 1179648K
  class space    used 15444K, committed 15808K, reserved 1048576K
}
Event: 31.630 GC heap before
{Heap before GC invocations=42 (full 0):
 garbage-first heap   total 195584K, used 178354K [0x0000000080000000, 0x0000000100000000)
  region size 1024K, 42 young (43008K), 7 survivors (7168K)
 Metaspace       used 114147K, committed 114816K, reserved 1179648K
  class space    used 15678K, committed 16000K, reserved 1048576K
}
Event: 31.651 GC heap after
{Heap after GC invocations=43 (full 0):
 garbage-first heap   total 196608K, used 140782K [0x0000000080000000, 0x0000000100000000)
  region size 1024K, 6 young (6144K), 6 survivors (6144K)
 Metaspace       used 114147K, committed 114816K, reserved 1179648K
  class space    used 15678K, committed 16000K, reserved 1048576K
}
Event: 31.957 GC heap before
{Heap before GC invocations=43 (full 0):
 garbage-first heap   total 196608K, used 162286K [0x0000000080000000, 0x0000000100000000)
  region size 1024K, 28 young (28672K), 6 survivors (6144K)
 Metaspace       used 115034K, committed 115776K, reserved 1179648K
  class space    used 15836K, committed 16192K, reserved 1048576K
}
Event: 31.982 GC heap after
{Heap after GC invocations=44 (full 0):
 garbage-first heap   total 393216K, used 146306K [0x0000000080000000, 0x0000000100000000)
  region size 1024K, 4 young (4096K), 4 survivors (4096K)
 Metaspace       used 115034K, committed 115776K, reserved 1179648K
  class space    used 15836K, committed 16192K, reserved 1048576K
}
Event: 34.626 GC heap before
{Heap before GC invocations=44 (full 0):
 garbage-first heap   total 393216K, used 271234K [0x0000000080000000, 0x0000000100000000)
  region size 1024K, 124 young (126976K), 4 survivors (4096K)
 Metaspace       used 121358K, committed 122176K, reserved 1179648K
  class space    used 16921K, committed 17344K, reserved 1048576K
}
Event: 34.788 GC heap after
{Heap after GC invocations=45 (full 0):
 garbage-first heap   total 393216K, used 187129K [0x0000000080000000, 0x0000000100000000)
  region size 1024K, 16 young (16384K), 16 survivors (16384K)
 Metaspace       used 121358K, committed 122176K, reserved 1179648K
  class space    used 16921K, committed 17344K, reserved 1048576K
}

