# JRE version: OpenJDK Runtime Environment (17.0.10) (build 17.0.10+0--11572160)
# Java VM: OpenJDK 64-Bit Server VM (17.0.10+0--11572160, mixed mode, tiered, compressed oops, compressed class ptrs, g1 gc, windows-amd64)
GC Precious Log:
 CPUs: 4 total, 4 available
 Memory: 8083M
 Large Page Support: Disabled
 NUMA Support: Disabled
 Compressed Oops: Enabled (32-bit)
 Heap Region Size: 1M
 Heap Min Capacity: 8M
 Heap Initial Capacity: 128M
 Heap Max Capacity: 2G
 Pre-touch: Disabled
 Parallel Workers: 4
 Concurrent Workers: 1
 Concurrent Refinement Workers: 4
 Periodic GC: Disabled
Heap:
 garbage-first heap   total 240640K, used 158159K [0x0000000080000000, 0x0000000100000000)
  region size 1024K, 7 young (7168K), 7 survivors (7168K)
 Metaspace       used 112808K, committed 113536K, reserved 1179648K
  class space    used 15834K, committed 16192K, reserved 1048576K
GC Heap History (20 events):
Event: 22.012 GC heap after
{Heap after GC invocations=29 (full 0):
 garbage-first heap   total 163840K, used 75197K [0x0000000080000000, 0x0000000100000000)
  region size 1024K, 7 young (7168K), 7 survivors (7168K)
 Metaspace       used 92339K, committed 93056K, reserved 1179648K
  class space    used 12772K, committed 13120K, reserved 1048576K
}
Event: 23.747 GC heap before
{Heap before GC invocations=29 (full 0):
 garbage-first heap   total 163840K, used 138685K [0x0000000080000000, 0x0000000100000000)
  region size 1024K, 65 young (66560K), 7 survivors (7168K)
 Metaspace       used 97236K, committed 97984K, reserved 1179648K
  class space    used 13375K, committed 13760K, reserved 1048576K
}
Event: 23.767 GC heap after
{Heap after GC invocations=30 (full 0):
 garbage-first heap   total 163840K, used 81438K [0x0000000080000000, 0x0000000100000000)
  region size 1024K, 9 young (9216K), 9 survivors (9216K)
 Metaspace       used 97236K, committed 97984K, reserved 1179648K
  class space    used 13375K, committed 13760K, reserved 1048576K
}
Event: 24.582 GC heap before
{Heap before GC invocations=30 (full 0):
 garbage-first heap   total 163840K, used 132638K [0x0000000080000000, 0x0000000100000000)
  region size 1024K, 60 young (61440K), 9 survivors (9216K)
 Metaspace       used 97471K, committed 98176K, reserved 1179648K
  class space    used 13393K, committed 13760K, reserved 1048576K
}
Event: 24.599 GC heap after
{Heap after GC invocations=31 (full 0):
 garbage-first heap   total 163840K, used 86644K [0x0000000080000000, 0x0000000100000000)
  region size 1024K, 5 young (5120K), 5 survivors (5120K)
 Metaspace       used 97471K, committed 98176K, reserved 1179648K
  class space    used 13393K, committed 13760K, reserved 1048576K
}
Event: 25.586 GC heap before
{Heap before GC invocations=31 (full 0):
 garbage-first heap   total 163840K, used 132724K [0x0000000080000000, 0x0000000100000000)
  region size 1024K, 51 young (52224K), 5 survivors (5120K)
 Metaspace       used 97923K, committed 98688K, reserved 1179648K
  class space    used 13433K, committed 13824K, reserved 1048576K
}
Event: 25.595 GC heap after
{Heap after GC invocations=32 (full 0):
 garbage-first heap   total 163840K, used 88977K [0x0000000080000000, 0x0000000100000000)
  region size 1024K, 5 young (5120K), 5 survivors (5120K)
 Metaspace       used 97923K, committed 98688K, reserved 1179648K
  class space    used 13433K, committed 13824K, reserved 1048576K
}
Event: 26.696 GC heap before
{Heap before GC invocations=33 (full 0):
 garbage-first heap   total 163840K, used 131985K [0x0000000080000000, 0x0000000100000000)
  region size 1024K, 48 young (49152K), 5 survivors (5120K)
 Metaspace       used 98275K, committed 99008K, reserved 1179648K
  class space    used 13470K, committed 13824K, reserved 1048576K
}
Event: 26.706 GC heap after
{Heap after GC invocations=34 (full 0):
 garbage-first heap   total 163840K, used 91249K [0x0000000080000000, 0x0000000100000000)
  region size 1024K, 5 young (5120K), 5 survivors (5120K)
 Metaspace       used 98275K, committed 99008K, reserved 1179648K
  class space    used 13470K, committed 13824K, reserved 1048576K
}
Event: 26.819 GC heap before
{Heap before GC invocations=34 (full 0):
 garbage-first heap   total 163840K, used 93297K [0x0000000080000000, 0x0000000100000000)
  region size 1024K, 8 young (8192K), 5 survivors (5120K)
 Metaspace       used 98322K, committed 99008K, reserved 1179648K
  class space    used 13480K, committed 13824K, reserved 1048576K
}
Event: 26.830 GC heap after
{Heap after GC invocations=35 (full 0):
 garbage-first heap   total 196608K, used 89715K [0x0000000080000000, 0x0000000100000000)
  region size 1024K, 1 young (1024K), 1 survivors (1024K)
 Metaspace       used 98322K, committed 99008K, reserved 1179648K
  class space    used 13480K, committed 13824K, reserved 1048576K
}
Event: 28.123 GC heap before
{Heap before GC invocations=35 (full 0):
 garbage-first heap   total 196608K, used 184947K [0x0000000080000000, 0x0000000100000000)
  region size 1024K, 69 young (70656K), 1 survivors (1024K)
 Metaspace       used 102900K, committed 103616K, reserved 1179648K
  class space    used 14174K, committed 14528K, reserved 1048576K
}
Event: 28.136 GC heap after
{Heap after GC invocations=36 (full 0):
 garbage-first heap   total 198656K, used 117137K [0x0000000080000000, 0x0000000100000000)
  region size 1024K, 9 young (9216K), 9 survivors (9216K)
 Metaspace       used 102900K, committed 103616K, reserved 1179648K
  class space    used 14174K, committed 14528K, reserved 1048576K
}
Event: 28.759 GC heap before
{Heap before GC invocations=37 (full 0):
 garbage-first heap   total 240640K, used 173457K [0x0000000080000000, 0x0000000100000000)
  region size 1024K, 51 young (52224K), 9 survivors (9216K)
 Metaspace       used 105054K, committed 105856K, reserved 1179648K
  class space    used 14508K, committed 14912K, reserved 1048576K
}
Event: 28.788 GC heap after
{Heap after GC invocations=38 (full 0):
 garbage-first heap   total 240640K, used 132845K [0x0000000080000000, 0x0000000100000000)
  region size 1024K, 7 young (7168K), 7 survivors (7168K)
 Metaspace       used 105054K, committed 105856K, reserved 1179648K
  class space    used 14508K, committed 14912K, reserved 1048576K
}
Event: 28.820 GC heap before
{Heap before GC invocations=38 (full 0):
 garbage-first heap   total 240640K, used 135917K [0x0000000080000000, 0x0000000100000000)
  region size 1024K, 11 young (11264K), 7 survivors (7168K)
 Metaspace       used 105186K, committed 105984K, reserved 1179648K
  class space    used 14530K, committed 14912K, reserved 1048576K
}
Event: 28.836 GC heap after
{Heap after GC invocations=39 (full 0):
 garbage-first heap   total 240640K, used 133426K [0x0000000080000000, 0x0000000100000000)
  region size 1024K, 2 young (2048K), 2 survivors (2048K)
 Metaspace       used 105186K, committed 105984K, reserved 1179648K
  class space    used 14530K, committed 14912K, reserved 1048576K
}
Event: 29.473 GC heap before
{Heap before GC invocations=39 (full 0):
 garbage-first heap   total 240640K, used 190770K [0x0000000080000000, 0x0000000100000000)
  region size 1024K, 57 young (58368K), 2 survivors (2048K)
 Metaspace       used 109050K, committed 109824K, reserved 1179648K
  class space    used 15134K, committed 15488K, reserved 1048576K
}
Event: 29.504 GC heap after
{Heap after GC invocations=40 (full 0):
 garbage-first heap   total 240640K, used 146432K [0x0000000080000000, 0x0000000100000000)
  region size 1024K, 8 young (8192K), 8 survivors (8192K)
 Metaspace       used 109050K, committed 109824K, reserved 1179648K
  class space    used 15134K, committed 15488K, reserved 1048576K
}
Event: 30.123 GC heap before
{Heap before GC invocations=40 (full 0):
 garbage-first heap   total 240640K, used 191488K [0x0000000080000000, 0x0000000100000000)
  region size 1024K, 53 young (54272K), 8 survivors (8192K)
 Metaspace       used 112808K, committed 113536K, reserved 1179648K
  class space    used 15834K, committed 16192K, reserved 1048576K
}

