# JRE version: OpenJDK Runtime Environment (17.0.10) (build 17.0.10+0--11572160)
# Java VM: OpenJDK 64-Bit Server VM (17.0.10+0--11572160, mixed mode, tiered, compressed oops, compressed class ptrs, g1 gc, windows-amd64)
GC Precious Log:
 CPUs: 4 total, 4 available
 Memory: 8083M
 Large Page Support: Disabled
 NUMA Support: Disabled
 Compressed Oops: Enabled (32-bit)
 Heap Region Size: 1M
 Heap Min Capacity: 8M
 Heap Initial Capacity: 128M
 Heap Max Capacity: 2G
 Pre-touch: Disabled
 Parallel Workers: 4
 Concurrent Workers: 1
 Concurrent Refinement Workers: 4
 Periodic GC: Disabled
Heap:
 garbage-first heap   total 247808K, used 157284K [0x0000000080000000, 0x0000000100000000)
  region size 1024K, 7 young (7168K), 7 survivors (7168K)
 Metaspace       used 112240K, committed 113024K, reserved 1179648K
  class space    used 15735K, committed 16128K, reserved 1048576K
GC Heap History (20 events):
Event: 21.316 GC heap after
{Heap after GC invocations=33 (full 0):
 garbage-first heap   total 165888K, used 83968K [0x0000000080000000, 0x0000000100000000)
  region size 1024K, 9 young (9216K), 9 survivors (9216K)
 Metaspace       used 97307K, committed 98048K, reserved 1179648K
  class space    used 13384K, committed 13760K, reserved 1048576K
}
Event: 22.644 GC heap before
{Heap before GC invocations=33 (full 0):
 garbage-first heap   total 165888K, used 134144K [0x0000000080000000, 0x0000000100000000)
  region size 1024K, 59 young (60416K), 9 survivors (9216K)
 Metaspace       used 97864K, committed 98688K, reserved 1179648K
  class space    used 13432K, committed 13824K, reserved 1048576K
}
Event: 22.663 GC heap after
{Heap after GC invocations=34 (full 0):
 garbage-first heap   total 165888K, used 89834K [0x0000000080000000, 0x0000000100000000)
  region size 1024K, 6 young (6144K), 6 survivors (6144K)
 Metaspace       used 97864K, committed 98688K, reserved 1179648K
  class space    used 13432K, committed 13824K, reserved 1048576K
}
Event: 23.380 GC heap before
{Heap before GC invocations=34 (full 0):
 garbage-first heap   total 165888K, used 134890K [0x0000000080000000, 0x0000000100000000)
  region size 1024K, 51 young (52224K), 6 survivors (6144K)
 Metaspace       used 98280K, committed 99008K, reserved 1179648K
  class space    used 13471K, committed 13824K, reserved 1048576K
}
Event: 23.391 GC heap after
{Heap after GC invocations=35 (full 0):
 garbage-first heap   total 165888K, used 92119K [0x0000000080000000, 0x0000000100000000)
  region size 1024K, 5 young (5120K), 5 survivors (5120K)
 Metaspace       used 98280K, committed 99008K, reserved 1179648K
  class space    used 13471K, committed 13824K, reserved 1048576K
}
Event: 24.262 GC heap before
{Heap before GC invocations=35 (full 0):
 garbage-first heap   total 165888K, used 134103K [0x0000000080000000, 0x0000000100000000)
  region size 1024K, 47 young (48128K), 5 survivors (5120K)
 Metaspace       used 98550K, committed 99264K, reserved 1179648K
  class space    used 13515K, committed 13888K, reserved 1048576K
}
Event: 24.273 GC heap after
{Heap after GC invocations=36 (full 0):
 garbage-first heap   total 199680K, used 93774K [0x0000000080000000, 0x0000000100000000)
  region size 1024K, 4 young (4096K), 4 survivors (4096K)
 Metaspace       used 98550K, committed 99264K, reserved 1179648K
  class space    used 13515K, committed 13888K, reserved 1048576K
}
Event: 25.009 GC heap before
{Heap before GC invocations=36 (full 0):
 garbage-first heap   total 199680K, used 133710K [0x0000000080000000, 0x0000000100000000)
  region size 1024K, 32 young (32768K), 4 survivors (4096K)
 Metaspace       used 100950K, committed 101696K, reserved 1179648K
  class space    used 13849K, committed 14208K, reserved 1048576K
}
Event: 25.022 GC heap after
{Heap after GC invocations=37 (full 0):
 garbage-first heap   total 199680K, used 109975K [0x0000000080000000, 0x0000000100000000)
  region size 1024K, 9 young (9216K), 9 survivors (9216K)
 Metaspace       used 100950K, committed 101696K, reserved 1179648K
  class space    used 13849K, committed 14208K, reserved 1048576K
}
Event: 25.930 GC heap before
{Heap before GC invocations=38 (full 0):
 garbage-first heap   total 201728K, used 182679K [0x0000000080000000, 0x0000000100000000)
  region size 1024K, 54 young (55296K), 9 survivors (9216K)
 Metaspace       used 104357K, committed 105152K, reserved 1179648K
  class space    used 14389K, committed 14784K, reserved 1048576K
}
Event: 25.945 GC heap after
{Heap after GC invocations=39 (full 0):
 garbage-first heap   total 201728K, used 128527K [0x0000000080000000, 0x0000000100000000)
  region size 1024K, 8 young (8192K), 8 survivors (8192K)
 Metaspace       used 104357K, committed 105152K, reserved 1179648K
  class space    used 14389K, committed 14784K, reserved 1048576K
}
Event: 25.954 GC heap before
{Heap before GC invocations=39 (full 0):
 garbage-first heap   total 201728K, used 129551K [0x0000000080000000, 0x0000000100000000)
  region size 1024K, 9 young (9216K), 8 survivors (8192K)
 Metaspace       used 104429K, committed 105216K, reserved 1179648K
  class space    used 14398K, committed 14784K, reserved 1048576K
}
Event: 25.964 GC heap after
{Heap after GC invocations=40 (full 0):
 garbage-first heap   total 201728K, used 126813K [0x0000000080000000, 0x0000000100000000)
  region size 1024K, 1 young (1024K), 1 survivors (1024K)
 Metaspace       used 104429K, committed 105216K, reserved 1179648K
  class space    used 14398K, committed 14784K, reserved 1048576K
}
Event: 26.368 GC heap before
{Heap before GC invocations=40 (full 0):
 garbage-first heap   total 201728K, used 163677K [0x0000000080000000, 0x0000000100000000)
  region size 1024K, 38 young (38912K), 1 survivors (1024K)
 Metaspace       used 106733K, committed 107520K, reserved 1179648K
  class space    used 14729K, committed 15104K, reserved 1048576K
}
Event: 26.385 GC heap after
{Heap after GC invocations=41 (full 0):
 garbage-first heap   total 201728K, used 134796K [0x0000000080000000, 0x0000000100000000)
  region size 1024K, 5 young (5120K), 5 survivors (5120K)
 Metaspace       used 106733K, committed 107520K, reserved 1179648K
  class space    used 14729K, committed 15104K, reserved 1048576K
}
Event: 26.942 GC heap before
{Heap before GC invocations=42 (full 0):
 garbage-first heap   total 247808K, used 161420K [0x0000000080000000, 0x0000000100000000)
  region size 1024K, 31 young (31744K), 5 survivors (5120K)
 Metaspace       used 108059K, committed 108864K, reserved 1179648K
  class space    used 14972K, committed 15360K, reserved 1048576K
}
Event: 26.966 GC heap after
{Heap after GC invocations=43 (full 0):
 garbage-first heap   total 247808K, used 142482K [0x0000000080000000, 0x0000000100000000)
  region size 1024K, 4 young (4096K), 4 survivors (4096K)
 Metaspace       used 108059K, committed 108864K, reserved 1179648K
  class space    used 14972K, committed 15360K, reserved 1048576K
}
Event: 27.057 GC heap before
{Heap before GC invocations=43 (full 0):
 garbage-first heap   total 247808K, used 149650K [0x0000000080000000, 0x0000000100000000)
  region size 1024K, 12 young (12288K), 4 survivors (4096K)
 Metaspace       used 108363K, committed 109184K, reserved 1179648K
  class space    used 15015K, committed 15424K, reserved 1048576K
}
Event: 27.077 GC heap after
{Heap after GC invocations=44 (full 0):
 garbage-first heap   total 247808K, used 142944K [0x0000000080000000, 0x0000000100000000)
  region size 1024K, 2 young (2048K), 2 survivors (2048K)
 Metaspace       used 108363K, committed 109184K, reserved 1179648K
  class space    used 15015K, committed 15424K, reserved 1048576K
}
Event: 27.900 GC heap before
{Heap before GC invocations=44 (full 0):
 garbage-first heap   total 247808K, used 192096K [0x0000000080000000, 0x0000000100000000)
  region size 1024K, 50 young (51200K), 2 survivors (2048K)
 Metaspace       used 112240K, committed 113024K, reserved 1179648K
  class space    used 15735K, committed 16128K, reserved 1048576K
}

