# JRE version: OpenJDK Runtime Environment (17.0.10) (build 17.0.10+0--11572160)
# Java VM: OpenJDK 64-Bit Server VM (17.0.10+0--11572160, mixed mode, tiered, compressed oops, compressed class ptrs, g1 gc, windows-amd64)
GC Precious Log:
 CPUs: 4 total, 4 available
 Memory: 8083M
 Large Page Support: Disabled
 NUMA Support: Disabled
 Compressed Oops: Enabled (32-bit)
 Heap Region Size: 1M
 Heap Min Capacity: 8M
 Heap Initial Capacity: 128M
 Heap Max Capacity: 2G
 Pre-touch: Disabled
 Parallel Workers: 4
 Concurrent Workers: 1
 Concurrent Refinement Workers: 4
 Periodic GC: Disabled
Heap:
 garbage-first heap   total 373760K, used 246805K [0x0000000080000000, 0x0000000100000000)
  region size 1024K, 5 young (5120K), 5 survivors (5120K)
 Metaspace       used 122538K, committed 123392K, reserved 1179648K
  class space    used 16801K, committed 17216K, reserved 1048576K
GC Heap History (20 events):
Event: 73.014 GC heap after
{Heap after GC invocations=87 (full 0):
 garbage-first heap   total 373760K, used 186187K [0x0000000080000000, 0x0000000100000000)
  region size 1024K, 3 young (3072K), 3 survivors (3072K)
 Metaspace       used 122413K, committed 123200K, reserved 1179648K
  class space    used 16798K, committed 17216K, reserved 1048576K
}
Event: 74.077 GC heap before
{Heap before GC invocations=87 (full 0):
 garbage-first heap   total 373760K, used 324427K [0x0000000080000000, 0x0000000100000000)
  region size 1024K, 138 young (141312K), 3 survivors (3072K)
 Metaspace       used 122413K, committed 123200K, reserved 1179648K
  class space    used 16798K, committed 17216K, reserved 1048576K
}
Event: 74.086 GC heap after
{Heap after GC invocations=88 (full 0):
 garbage-first heap   total 373760K, used 186600K [0x0000000080000000, 0x0000000100000000)
  region size 1024K, 4 young (4096K), 4 survivors (4096K)
 Metaspace       used 122413K, committed 123200K, reserved 1179648K
  class space    used 16798K, committed 17216K, reserved 1048576K
}
Event: 74.993 GC heap before
{Heap before GC invocations=88 (full 0):
 garbage-first heap   total 373760K, used 325864K [0x0000000080000000, 0x0000000100000000)
  region size 1024K, 140 young (143360K), 4 survivors (4096K)
 Metaspace       used 122414K, committed 123264K, reserved 1179648K
  class space    used 16798K, committed 17216K, reserved 1048576K
}
Event: 75.002 GC heap after
{Heap after GC invocations=89 (full 0):
 garbage-first heap   total 373760K, used 187000K [0x0000000080000000, 0x0000000100000000)
  region size 1024K, 4 young (4096K), 4 survivors (4096K)
 Metaspace       used 122414K, committed 123264K, reserved 1179648K
  class space    used 16798K, committed 17216K, reserved 1048576K
}
Event: 76.191 GC heap before
{Heap before GC invocations=89 (full 0):
 garbage-first heap   total 373760K, used 329336K [0x0000000080000000, 0x0000000100000000)
  region size 1024K, 141 young (144384K), 4 survivors (4096K)
 Metaspace       used 122456K, committed 123328K, reserved 1179648K
  class space    used 16798K, committed 17216K, reserved 1048576K
}
Event: 76.203 GC heap after
{Heap after GC invocations=90 (full 0):
 garbage-first heap   total 373760K, used 188079K [0x0000000080000000, 0x0000000100000000)
  region size 1024K, 5 young (5120K), 5 survivors (5120K)
 Metaspace       used 122456K, committed 123328K, reserved 1179648K
  class space    used 16798K, committed 17216K, reserved 1048576K
}
Event: 76.803 GC heap before
{Heap before GC invocations=90 (full 0):
 garbage-first heap   total 373760K, used 325295K [0x0000000080000000, 0x0000000100000000)
  region size 1024K, 139 young (142336K), 5 survivors (5120K)
 Metaspace       used 122490K, committed 123328K, reserved 1179648K
  class space    used 16798K, committed 17216K, reserved 1048576K
}
Event: 76.813 GC heap after
{Heap after GC invocations=91 (full 0):
 garbage-first heap   total 373760K, used 188452K [0x0000000080000000, 0x0000000100000000)
  region size 1024K, 6 young (6144K), 6 survivors (6144K)
 Metaspace       used 122490K, committed 123328K, reserved 1179648K
  class space    used 16798K, committed 17216K, reserved 1048576K
}
Event: 77.743 GC heap before
{Heap before GC invocations=91 (full 0):
 garbage-first heap   total 373760K, used 322596K [0x0000000080000000, 0x0000000100000000)
  region size 1024K, 138 young (141312K), 6 survivors (6144K)
 Metaspace       used 122514K, committed 123328K, reserved 1179648K
  class space    used 16799K, committed 17216K, reserved 1048576K
}
Event: 77.752 GC heap after
{Heap after GC invocations=92 (full 0):
 garbage-first heap   total 373760K, used 192270K [0x0000000080000000, 0x0000000100000000)
  region size 1024K, 9 young (9216K), 9 survivors (9216K)
 Metaspace       used 122514K, committed 123328K, reserved 1179648K
  class space    used 16799K, committed 17216K, reserved 1048576K
}
Event: 78.366 GC heap before
{Heap before GC invocations=92 (full 0):
 garbage-first heap   total 373760K, used 322318K [0x0000000080000000, 0x0000000100000000)
  region size 1024K, 135 young (138240K), 9 survivors (9216K)
 Metaspace       used 122525K, committed 123328K, reserved 1179648K
  class space    used 16799K, committed 17216K, reserved 1048576K
}
Event: 78.404 GC heap after
{Heap after GC invocations=93 (full 0):
 garbage-first heap   total 373760K, used 218552K [0x0000000080000000, 0x0000000100000000)
  region size 1024K, 17 young (17408K), 17 survivors (17408K)
 Metaspace       used 122525K, committed 123328K, reserved 1179648K
  class space    used 16799K, committed 17216K, reserved 1048576K
}
Event: 78.786 GC heap before
{Heap before GC invocations=93 (full 0):
 garbage-first heap   total 373760K, used 307640K [0x0000000080000000, 0x0000000100000000)
  region size 1024K, 104 young (106496K), 17 survivors (17408K)
 Metaspace       used 122532K, committed 123328K, reserved 1179648K
  class space    used 16800K, committed 17216K, reserved 1048576K
}
Event: 78.824 GC heap after
{Heap after GC invocations=94 (full 0):
 garbage-first heap   total 373760K, used 227955K [0x0000000080000000, 0x0000000100000000)
  region size 1024K, 13 young (13312K), 13 survivors (13312K)
 Metaspace       used 122532K, committed 123328K, reserved 1179648K
  class space    used 16800K, committed 17216K, reserved 1048576K
}
Event: 79.098 GC heap before
{Heap before GC invocations=94 (full 0):
 garbage-first heap   total 373760K, used 307827K [0x0000000080000000, 0x0000000100000000)
  region size 1024K, 91 young (93184K), 13 survivors (13312K)
 Metaspace       used 122536K, committed 123392K, reserved 1179648K
  class space    used 16801K, committed 17216K, reserved 1048576K
}
Event: 79.137 GC heap after
{Heap after GC invocations=95 (full 0):
 garbage-first heap   total 373760K, used 236147K [0x0000000080000000, 0x0000000100000000)
  region size 1024K, 8 young (8192K), 8 survivors (8192K)
 Metaspace       used 122536K, committed 123392K, reserved 1179648K
  class space    used 16801K, committed 17216K, reserved 1048576K
}
Event: 79.333 GC heap before
{Heap before GC invocations=95 (full 0):
 garbage-first heap   total 373760K, used 310899K [0x0000000080000000, 0x0000000100000000)
  region size 1024K, 81 young (82944K), 8 survivors (8192K)
 Metaspace       used 122538K, committed 123392K, reserved 1179648K
  class space    used 16801K, committed 17216K, reserved 1048576K
}
Event: 79.361 GC heap after
{Heap after GC invocations=96 (full 0):
 garbage-first heap   total 373760K, used 243675K [0x0000000080000000, 0x0000000100000000)
  region size 1024K, 8 young (8192K), 8 survivors (8192K)
 Metaspace       used 122538K, committed 123392K, reserved 1179648K
  class space    used 16801K, committed 17216K, reserved 1048576K
}
Event: 79.704 GC heap before
{Heap before GC invocations=96 (full 0):
 garbage-first heap   total 373760K, used 312283K [0x0000000080000000, 0x0000000100000000)
  region size 1024K, 75 young (76800K), 8 survivors (8192K)
 Metaspace       used 122538K, committed 123392K, reserved 1179648K
  class space    used 16801K, committed 17216K, reserved 1048576K
}

