# JRE version: OpenJDK Runtime Environment (17.0.10) (build 17.0.10+0--11572160)
# Java VM: OpenJDK 64-Bit Server VM (17.0.10+0--11572160, mixed mode, tiered, compressed oops, compressed class ptrs, g1 gc, windows-amd64)
GC Precious Log:
 CPUs: 4 total, 4 available
 Memory: 8083M
 Large Page Support: Disabled
 NUMA Support: Disabled
 Compressed Oops: Enabled (32-bit)
 Heap Region Size: 1M
 Heap Min Capacity: 8M
 Heap Initial Capacity: 128M
 Heap Max Capacity: 2G
 Pre-touch: Disabled
 Parallel Workers: 4
 Concurrent Workers: 1
 Concurrent Refinement Workers: 4
 Periodic GC: Disabled
Heap:
 garbage-first heap   total 229376K, used 146051K [0x0000000080000000, 0x0000000100000000)
  region size 1024K, 51 young (52224K), 7 survivors (7168K)
 Metaspace       used 106131K, committed 106688K, reserved 1179648K
  class space    used 13765K, committed 14016K, reserved 1048576K
GC Heap History (20 events):
Event: 107.679 GC heap before
{Heap before GC invocations=43 (full 0):
 garbage-first heap   total 126976K, used 101817K [0x0000000080000000, 0x0000000100000000)
  region size 1024K, 23 young (23552K), 4 survivors (4096K)
 Metaspace       used 72568K, committed 73216K, reserved 1114112K
  class space    used 10068K, committed 10368K, reserved 1048576K
}
Event: 107.706 GC heap after
{Heap after GC invocations=44 (full 0):
 garbage-first heap   total 126976K, used 78449K [0x0000000080000000, 0x0000000100000000)
  region size 1024K, 3 young (3072K), 3 survivors (3072K)
 Metaspace       used 72568K, committed 73216K, reserved 1114112K
  class space    used 10068K, committed 10368K, reserved 1048576K
}
Event: 109.429 GC heap before
{Heap before GC invocations=45 (full 0):
 garbage-first heap   total 133120K, used 98929K [0x0000000080000000, 0x0000000100000000)
  region size 1024K, 24 young (24576K), 3 survivors (3072K)
 Metaspace       used 75623K, committed 76224K, reserved 1179648K
  class space    used 10408K, committed 10688K, reserved 1048576K
}
Event: 109.438 GC heap after
{Heap after GC invocations=46 (full 0):
 garbage-first heap   total 133120K, used 79730K [0x0000000080000000, 0x0000000100000000)
  region size 1024K, 2 young (2048K), 2 survivors (2048K)
 Metaspace       used 75623K, committed 76224K, reserved 1179648K
  class space    used 10408K, committed 10688K, reserved 1048576K
}
Event: 109.732 GC heap before
{Heap before GC invocations=46 (full 0):
 garbage-first heap   total 133120K, used 90994K [0x0000000080000000, 0x0000000100000000)
  region size 1024K, 6 young (6144K), 2 survivors (2048K)
 Metaspace       used 75991K, committed 76608K, reserved 1179648K
  class space    used 10450K, committed 10752K, reserved 1048576K
}
Event: 109.737 GC heap after
{Heap after GC invocations=47 (full 0):
 garbage-first heap   total 133120K, used 87645K [0x0000000080000000, 0x0000000100000000)
  region size 1024K, 1 young (1024K), 1 survivors (1024K)
 Metaspace       used 75991K, committed 76608K, reserved 1179648K
  class space    used 10450K, committed 10752K, reserved 1048576K
}
Event: 110.392 GC heap before
{Heap before GC invocations=47 (full 0):
 garbage-first heap   total 133120K, used 108125K [0x0000000080000000, 0x0000000100000000)
  region size 1024K, 21 young (21504K), 1 survivors (1024K)
 Metaspace       used 78126K, committed 78720K, reserved 1179648K
  class space    used 10698K, committed 11008K, reserved 1048576K
}
Event: 110.395 GC heap after
{Heap after GC invocations=48 (full 0):
 garbage-first heap   total 133120K, used 88739K [0x0000000080000000, 0x0000000100000000)
  region size 1024K, 2 young (2048K), 2 survivors (2048K)
 Metaspace       used 78126K, committed 78720K, reserved 1179648K
  class space    used 10698K, committed 11008K, reserved 1048576K
}
Event: 110.837 GC heap before
{Heap before GC invocations=49 (full 0):
 garbage-first heap   total 160768K, used 109219K [0x0000000080000000, 0x0000000100000000)
  region size 1024K, 23 young (23552K), 2 survivors (2048K)
 Metaspace       used 80820K, committed 81472K, reserved 1179648K
  class space    used 10902K, committed 11200K, reserved 1048576K
}
Event: 110.842 GC heap after
{Heap after GC invocations=50 (full 0):
 garbage-first heap   total 160768K, used 90360K [0x0000000080000000, 0x0000000100000000)
  region size 1024K, 3 young (3072K), 3 survivors (3072K)
 Metaspace       used 80820K, committed 81472K, reserved 1179648K
  class space    used 10902K, committed 11200K, reserved 1048576K
}
Event: 110.908 GC heap before
{Heap before GC invocations=50 (full 0):
 garbage-first heap   total 160768K, used 93432K [0x0000000080000000, 0x0000000100000000)
  region size 1024K, 7 young (7168K), 3 survivors (3072K)
 Metaspace       used 81376K, committed 82048K, reserved 1179648K
  class space    used 10951K, committed 11264K, reserved 1048576K
}
Event: 110.914 GC heap after
{Heap after GC invocations=51 (full 0):
 garbage-first heap   total 160768K, used 90391K [0x0000000080000000, 0x0000000100000000)
  region size 1024K, 1 young (1024K), 1 survivors (1024K)
 Metaspace       used 81376K, committed 82048K, reserved 1179648K
  class space    used 10951K, committed 11264K, reserved 1048576K
}
Event: 111.740 GC heap before
{Heap before GC invocations=51 (full 0):
 garbage-first heap   total 160768K, used 126231K [0x0000000080000000, 0x0000000100000000)
  region size 1024K, 36 young (36864K), 1 survivors (1024K)
 Metaspace       used 85614K, committed 86272K, reserved 1179648K
  class space    used 11471K, committed 11776K, reserved 1048576K
}
Event: 111.747 GC heap after
{Heap after GC invocations=52 (full 0):
 garbage-first heap   total 229376K, used 91662K [0x0000000080000000, 0x0000000100000000)
  region size 1024K, 2 young (2048K), 2 survivors (2048K)
 Metaspace       used 85614K, committed 86272K, reserved 1179648K
  class space    used 11471K, committed 11776K, reserved 1048576K
}
Event: 113.177 GC heap before
{Heap before GC invocations=53 (full 0):
 garbage-first heap   total 229376K, used 170510K [0x0000000080000000, 0x0000000100000000)
  region size 1024K, 78 young (79872K), 2 survivors (2048K)
 Metaspace       used 92095K, committed 92736K, reserved 1179648K
  class space    used 12266K, committed 12544K, reserved 1048576K
}
Event: 113.189 GC heap after
{Heap after GC invocations=54 (full 0):
 garbage-first heap   total 229376K, used 96244K [0x0000000080000000, 0x0000000100000000)
  region size 1024K, 7 young (7168K), 7 survivors (7168K)
 Metaspace       used 92095K, committed 92736K, reserved 1179648K
  class space    used 12266K, committed 12544K, reserved 1048576K
}
Event: 113.283 GC heap before
{Heap before GC invocations=54 (full 0):
 garbage-first heap   total 229376K, used 100340K [0x0000000080000000, 0x0000000100000000)
  region size 1024K, 11 young (11264K), 7 survivors (7168K)
 Metaspace       used 92497K, committed 93120K, reserved 1179648K
  class space    used 12314K, committed 12608K, reserved 1048576K
}
Event: 113.294 GC heap after
{Heap after GC invocations=55 (full 0):
 garbage-first heap   total 229376K, used 96606K [0x0000000080000000, 0x0000000100000000)
  region size 1024K, 1 young (1024K), 1 survivors (1024K)
 Metaspace       used 92497K, committed 93120K, reserved 1179648K
  class space    used 12314K, committed 12608K, reserved 1048576K
}
Event: 114.864 GC heap before
{Heap before GC invocations=55 (full 0):
 garbage-first heap   total 229376K, used 178526K [0x0000000080000000, 0x0000000100000000)
  region size 1024K, 82 young (83968K), 1 survivors (1024K)
 Metaspace       used 99786K, committed 100352K, reserved 1179648K
  class space    used 13057K, committed 13312K, reserved 1048576K
}
Event: 114.876 GC heap after
{Heap after GC invocations=56 (full 0):
 garbage-first heap   total 229376K, used 102019K [0x0000000080000000, 0x0000000100000000)
  region size 1024K, 7 young (7168K), 7 survivors (7168K)
 Metaspace       used 99786K, committed 100352K, reserved 1179648K
  class space    used 13057K, committed 13312K, reserved 1048576K
}

