# JRE version: OpenJDK Runtime Environment (17.0.10) (build 17.0.10+0--11572160)
# Java VM: OpenJDK 64-Bit Server VM (17.0.10+0--11572160, mixed mode, tiered, compressed oops, compressed class ptrs, g1 gc, windows-amd64)
GC Precious Log:
 CPUs: 4 total, 4 available
 Memory: 8083M
 Large Page Support: Disabled
 NUMA Support: Disabled
 Compressed Oops: Enabled (32-bit)
 Heap Region Size: 1M
 Heap Min Capacity: 8M
 Heap Initial Capacity: 128M
 Heap Max Capacity: 2G
 Pre-touch: Disabled
 Parallel Workers: 4
 Concurrent Workers: 1
 Concurrent Refinement Workers: 4
 Periodic GC: Disabled
Heap:
 garbage-first heap   total 265216K, used 145256K [0x0000000080000000, 0x0000000100000000)
  region size 1024K, 11 young (11264K), 11 survivors (11264K)
 Metaspace       used 110426K, committed 111232K, reserved 1179648K
  class space    used 15451K, committed 15872K, reserved 1048576K
GC Heap History (20 events):
Event: 18.048 GC heap after
{Heap after GC invocations=23 (full 0):
 garbage-first heap   total 157696K, used 70522K [0x0000000080000000, 0x0000000100000000)
  region size 1024K, 5 young (5120K), 5 survivors (5120K)
 Metaspace       used 86352K, committed 86976K, reserved 1179648K
  class space    used 11917K, committed 12224K, reserved 1048576K
}
Event: 19.237 GC heap before
{Heap before GC invocations=23 (full 0):
 garbage-first heap   total 157696K, used 128890K [0x0000000080000000, 0x0000000100000000)
  region size 1024K, 62 young (63488K), 5 survivors (5120K)
 Metaspace       used 91643K, committed 92352K, reserved 1179648K
  class space    used 12690K, committed 13056K, reserved 1048576K
}
Event: 19.249 GC heap after
{Heap after GC invocations=24 (full 0):
 garbage-first heap   total 157696K, used 73348K [0x0000000080000000, 0x0000000100000000)
  region size 1024K, 6 young (6144K), 6 survivors (6144K)
 Metaspace       used 91643K, committed 92352K, reserved 1179648K
  class space    used 12690K, committed 13056K, reserved 1048576K
}
Event: 20.044 GC heap before
{Heap before GC invocations=24 (full 0):
 garbage-first heap   total 157696K, used 122500K [0x0000000080000000, 0x0000000100000000)
  region size 1024K, 53 young (54272K), 6 survivors (6144K)
 Metaspace       used 94420K, committed 95168K, reserved 1179648K
  class space    used 13016K, committed 13376K, reserved 1048576K
}
Event: 20.065 GC heap after
{Heap after GC invocations=25 (full 0):
 garbage-first heap   total 157696K, used 81748K [0x0000000080000000, 0x0000000100000000)
  region size 1024K, 8 young (8192K), 8 survivors (8192K)
 Metaspace       used 94420K, committed 95168K, reserved 1179648K
  class space    used 13016K, committed 13376K, reserved 1048576K
}
Event: 21.075 GC heap before
{Heap before GC invocations=26 (full 0):
 garbage-first heap   total 157696K, used 131924K [0x0000000080000000, 0x0000000100000000)
  region size 1024K, 55 young (56320K), 8 survivors (8192K)
 Metaspace       used 97122K, committed 97856K, reserved 1179648K
  class space    used 13377K, committed 13760K, reserved 1048576K
}
Event: 21.093 GC heap after
{Heap after GC invocations=27 (full 0):
 garbage-first heap   total 189440K, used 86288K [0x0000000080000000, 0x0000000100000000)
  region size 1024K, 6 young (6144K), 6 survivors (6144K)
 Metaspace       used 97122K, committed 97856K, reserved 1179648K
  class space    used 13377K, committed 13760K, reserved 1048576K
}
Event: 21.139 GC heap before
{Heap before GC invocations=27 (full 0):
 garbage-first heap   total 189440K, used 88336K [0x0000000080000000, 0x0000000100000000)
  region size 1024K, 9 young (9216K), 6 survivors (6144K)
 Metaspace       used 97127K, committed 97856K, reserved 1179648K
  class space    used 13377K, committed 13760K, reserved 1048576K
}
Event: 21.150 GC heap after
{Heap after GC invocations=28 (full 0):
 garbage-first heap   total 189440K, used 86166K [0x0000000080000000, 0x0000000100000000)
  region size 1024K, 2 young (2048K), 2 survivors (2048K)
 Metaspace       used 97127K, committed 97856K, reserved 1179648K
  class space    used 13377K, committed 13760K, reserved 1048576K
}
Event: 22.644 GC heap before
{Heap before GC invocations=28 (full 0):
 garbage-first heap   total 189440K, used 151702K [0x0000000080000000, 0x0000000100000000)
  region size 1024K, 67 young (68608K), 2 survivors (2048K)
 Metaspace       used 97744K, committed 98496K, reserved 1179648K
  class space    used 13429K, committed 13824K, reserved 1048576K
}
Event: 22.657 GC heap after
{Heap after GC invocations=29 (full 0):
 garbage-first heap   total 189440K, used 90285K [0x0000000080000000, 0x0000000100000000)
  region size 1024K, 6 young (6144K), 6 survivors (6144K)
 Metaspace       used 97744K, committed 98496K, reserved 1179648K
  class space    used 13429K, committed 13824K, reserved 1048576K
}
Event: 24.033 GC heap before
{Heap before GC invocations=29 (full 0):
 garbage-first heap   total 189440K, used 151725K [0x0000000080000000, 0x0000000100000000)
  region size 1024K, 67 young (68608K), 6 survivors (6144K)
 Metaspace       used 98187K, committed 99008K, reserved 1179648K
  class space    used 13480K, committed 13888K, reserved 1048576K
}
Event: 24.043 GC heap after
{Heap after GC invocations=30 (full 0):
 garbage-first heap   total 189440K, used 92906K [0x0000000080000000, 0x0000000100000000)
  region size 1024K, 5 young (5120K), 5 survivors (5120K)
 Metaspace       used 98187K, committed 99008K, reserved 1179648K
  class space    used 13480K, committed 13888K, reserved 1048576K
}
Event: 24.933 GC heap before
{Heap before GC invocations=30 (full 0):
 garbage-first heap   total 189440K, used 155370K [0x0000000080000000, 0x0000000100000000)
  region size 1024K, 52 young (53248K), 5 survivors (5120K)
 Metaspace       used 102342K, committed 103168K, reserved 1179648K
  class space    used 14108K, committed 14528K, reserved 1048576K
}
Event: 24.944 GC heap after
{Heap after GC invocations=31 (full 0):
 garbage-first heap   total 189440K, used 113008K [0x0000000080000000, 0x0000000100000000)
  region size 1024K, 7 young (7168K), 7 survivors (7168K)
 Metaspace       used 102342K, committed 103168K, reserved 1179648K
  class space    used 14108K, committed 14528K, reserved 1048576K
}
Event: 25.481 GC heap before
{Heap before GC invocations=32 (full 0):
 garbage-first heap   total 265216K, used 171376K [0x0000000080000000, 0x0000000100000000)
  region size 1024K, 42 young (43008K), 7 survivors (7168K)
 Metaspace       used 104273K, committed 105024K, reserved 1179648K
  class space    used 14390K, committed 14784K, reserved 1048576K
}
Event: 25.496 GC heap after
{Heap after GC invocations=33 (full 0):
 garbage-first heap   total 265216K, used 127312K [0x0000000080000000, 0x0000000100000000)
  region size 1024K, 6 young (6144K), 6 survivors (6144K)
 Metaspace       used 104273K, committed 105024K, reserved 1179648K
  class space    used 14390K, committed 14784K, reserved 1048576K
}
Event: 25.556 GC heap before
{Heap before GC invocations=33 (full 0):
 garbage-first heap   total 265216K, used 132432K [0x0000000080000000, 0x0000000100000000)
  region size 1024K, 12 young (12288K), 6 survivors (6144K)
 Metaspace       used 104456K, committed 105216K, reserved 1179648K
  class space    used 14412K, committed 14784K, reserved 1048576K
}
Event: 25.569 GC heap after
{Heap after GC invocations=34 (full 0):
 garbage-first heap   total 265216K, used 127581K [0x0000000080000000, 0x0000000100000000)
  region size 1024K, 2 young (2048K), 2 survivors (2048K)
 Metaspace       used 104456K, committed 105216K, reserved 1179648K
  class space    used 14412K, committed 14784K, reserved 1048576K
}
Event: 26.685 GC heap before
{Heap before GC invocations=34 (full 0):
 garbage-first heap   total 265216K, used 211549K [0x0000000080000000, 0x0000000100000000)
  region size 1024K, 83 young (84992K), 2 survivors (2048K)
 Metaspace       used 110426K, committed 111232K, reserved 1179648K
  class space    used 15451K, committed 15872K, reserved 1048576K
}

