# JRE version: OpenJDK Runtime Environment (17.0.10) (build 17.0.10+0--11572160)
# Java VM: OpenJDK 64-Bit Server VM (17.0.10+0--11572160, mixed mode, tiered, compressed oops, compressed class ptrs, g1 gc, windows-amd64)
GC Precious Log:
 CPUs: 4 total, 4 available
 Memory: 8083M
 Large Page Support: Disabled
 NUMA Support: Disabled
 Compressed Oops: Enabled (32-bit)
 Heap Region Size: 1M
 Heap Min Capacity: 8M
 Heap Initial Capacity: 128M
 Heap Max Capacity: 2G
 Pre-touch: Disabled
 Parallel Workers: 4
 Concurrent Workers: 1
 Concurrent Refinement Workers: 4
 Periodic GC: Disabled
Heap:
 garbage-first heap   total 266240K, used 157092K [0x0000000080000000, 0x0000000100000000)
  region size 1024K, 16 young (16384K), 7 survivors (7168K)
 Metaspace       used 109464K, committed 110272K, reserved 1179648K
  class space    used 14590K, committed 14976K, reserved 1048576K
GC Heap History (20 events):
Event: 33.351 GC heap before
{Heap before GC invocations=41 (full 0):
 garbage-first heap   total 193536K, used 158562K [0x0000000080000000, 0x0000000100000000)
  region size 1024K, 30 young (30720K), 3 survivors (3072K)
 Metaspace       used 103898K, committed 104640K, reserved 1179648K
  class space    used 13994K, committed 14400K, reserved 1048576K
}
Event: 33.360 GC heap after
{Heap after GC invocations=42 (full 0):
 garbage-first heap   total 193536K, used 134752K [0x0000000080000000, 0x0000000100000000)
  region size 1024K, 4 young (4096K), 4 survivors (4096K)
 Metaspace       used 103898K, committed 104640K, reserved 1179648K
  class space    used 13994K, committed 14400K, reserved 1048576K
}
Event: 33.752 GC heap before
{Heap before GC invocations=42 (full 0):
 garbage-first heap   total 193536K, used 160352K [0x0000000080000000, 0x0000000100000000)
  region size 1024K, 29 young (29696K), 4 survivors (4096K)
 Metaspace       used 104282K, committed 105024K, reserved 1179648K
  class space    used 14025K, committed 14400K, reserved 1048576K
}
Event: 33.766 GC heap after
{Heap after GC invocations=43 (full 0):
 garbage-first heap   total 193536K, used 139622K [0x0000000080000000, 0x0000000100000000)
  region size 1024K, 4 young (4096K), 4 survivors (4096K)
 Metaspace       used 104282K, committed 105024K, reserved 1179648K
  class space    used 14025K, committed 14400K, reserved 1048576K
}
Event: 34.760 GC heap before
{Heap before GC invocations=43 (full 0):
 garbage-first heap   total 193536K, used 160102K [0x0000000080000000, 0x0000000100000000)
  region size 1024K, 25 young (25600K), 4 survivors (4096K)
 Metaspace       used 104321K, committed 105088K, reserved 1179648K
  class space    used 14032K, committed 14400K, reserved 1048576K
}
Event: 34.762 GC heap after
{Heap after GC invocations=44 (full 0):
 garbage-first heap   total 193536K, used 137153K [0x0000000080000000, 0x0000000100000000)
  region size 1024K, 1 young (1024K), 1 survivors (1024K)
 Metaspace       used 104321K, committed 105088K, reserved 1179648K
  class space    used 14032K, committed 14400K, reserved 1048576K
}
Event: 35.350 GC heap before
{Heap before GC invocations=44 (full 0):
 garbage-first heap   total 193536K, used 162753K [0x0000000080000000, 0x0000000100000000)
  region size 1024K, 25 young (25600K), 1 survivors (1024K)
 Metaspace       used 104939K, committed 105664K, reserved 1179648K
  class space    used 14115K, committed 14464K, reserved 1048576K
}
Event: 35.352 GC heap after
{Heap after GC invocations=45 (full 0):
 garbage-first heap   total 193536K, used 139157K [0x0000000080000000, 0x0000000100000000)
  region size 1024K, 1 young (1024K), 1 survivors (1024K)
 Metaspace       used 104939K, committed 105664K, reserved 1179648K
  class space    used 14115K, committed 14464K, reserved 1048576K
}
Event: 35.638 GC heap before
{Heap before GC invocations=45 (full 0):
 garbage-first heap   total 193536K, used 162709K [0x0000000080000000, 0x0000000100000000)
  region size 1024K, 25 young (25600K), 1 survivors (1024K)
 Metaspace       used 104954K, committed 105728K, reserved 1179648K
  class space    used 14115K, committed 14464K, reserved 1048576K
}
Event: 35.642 GC heap after
{Heap after GC invocations=46 (full 0):
 garbage-first heap   total 193536K, used 140066K [0x0000000080000000, 0x0000000100000000)
  region size 1024K, 2 young (2048K), 2 survivors (2048K)
 Metaspace       used 104954K, committed 105728K, reserved 1179648K
  class space    used 14115K, committed 14464K, reserved 1048576K
}
Event: 35.850 GC heap before
{Heap before GC invocations=46 (full 0):
 garbage-first heap   total 193536K, used 164642K [0x0000000080000000, 0x0000000100000000)
  region size 1024K, 26 young (26624K), 2 survivors (2048K)
 Metaspace       used 104958K, committed 105728K, reserved 1179648K
  class space    used 14116K, committed 14464K, reserved 1048576K
}
Event: 35.854 GC heap after
{Heap after GC invocations=47 (full 0):
 garbage-first heap   total 193536K, used 140650K [0x0000000080000000, 0x0000000100000000)
  region size 1024K, 3 young (3072K), 3 survivors (3072K)
 Metaspace       used 104958K, committed 105728K, reserved 1179648K
  class space    used 14116K, committed 14464K, reserved 1048576K
}
Event: 36.026 GC heap before
{Heap before GC invocations=47 (full 0):
 garbage-first heap   total 193536K, used 165226K [0x0000000080000000, 0x0000000100000000)
  region size 1024K, 27 young (27648K), 3 survivors (3072K)
 Metaspace       used 104958K, committed 105728K, reserved 1179648K
  class space    used 14116K, committed 14464K, reserved 1048576K
}
Event: 36.031 GC heap after
{Heap after GC invocations=48 (full 0):
 garbage-first heap   total 266240K, used 140808K [0x0000000080000000, 0x0000000100000000)
  region size 1024K, 2 young (2048K), 2 survivors (2048K)
 Metaspace       used 104958K, committed 105728K, reserved 1179648K
  class space    used 14116K, committed 14464K, reserved 1048576K
}
Event: 36.669 GC heap before
{Heap before GC invocations=48 (full 0):
 garbage-first heap   total 266240K, used 224776K [0x0000000080000000, 0x0000000100000000)
  region size 1024K, 84 young (86016K), 2 survivors (2048K)
 Metaspace       used 105018K, committed 105792K, reserved 1179648K
  class space    used 14116K, committed 14464K, reserved 1048576K
}
Event: 36.674 GC heap after
{Heap after GC invocations=49 (full 0):
 garbage-first heap   total 266240K, used 141923K [0x0000000080000000, 0x0000000100000000)
  region size 1024K, 3 young (3072K), 3 survivors (3072K)
 Metaspace       used 105018K, committed 105792K, reserved 1179648K
  class space    used 14116K, committed 14464K, reserved 1048576K
}
Event: 40.489 GC heap before
{Heap before GC invocations=49 (full 0):
 garbage-first heap   total 266240K, used 227939K [0x0000000080000000, 0x0000000100000000)
  region size 1024K, 86 young (88064K), 3 survivors (3072K)
 Metaspace       used 108001K, committed 108736K, reserved 1179648K
  class space    used 14457K, committed 14848K, reserved 1048576K
}
Event: 40.500 GC heap after
{Heap after GC invocations=50 (full 0):
 garbage-first heap   total 266240K, used 144019K [0x0000000080000000, 0x0000000100000000)
  region size 1024K, 7 young (7168K), 7 survivors (7168K)
 Metaspace       used 108001K, committed 108736K, reserved 1179648K
  class space    used 14457K, committed 14848K, reserved 1048576K
}
Event: 43.856 GC heap before
{Heap before GC invocations=50 (full 0):
 garbage-first heap   total 266240K, used 224915K [0x0000000080000000, 0x0000000100000000)
  region size 1024K, 87 young (89088K), 7 survivors (7168K)
 Metaspace       used 108620K, committed 109312K, reserved 1179648K
  class space    used 14504K, committed 14848K, reserved 1048576K
}
Event: 43.868 GC heap after
{Heap after GC invocations=51 (full 0):
 garbage-first heap   total 266240K, used 146470K [0x0000000080000000, 0x0000000100000000)
  region size 1024K, 8 young (8192K), 8 survivors (8192K)
 Metaspace       used 108620K, committed 109312K, reserved 1179648K
  class space    used 14504K, committed 14848K, reserved 1048576K
}

