# JRE version: OpenJDK Runtime Environment (17.0.10) (build 17.0.10+0--11572160)
# Java VM: OpenJDK 64-Bit Server VM (17.0.10+0--11572160, mixed mode, tiered, compressed oops, compressed class ptrs, g1 gc, windows-amd64)
GC Precious Log:
 CPUs: 4 total, 4 available
 Memory: 8083M
 Large Page Support: Disabled
 NUMA Support: Disabled
 Compressed Oops: Enabled (32-bit)
 Heap Region Size: 1M
 Heap Min Capacity: 8M
 Heap Initial Capacity: 128M
 Heap Max Capacity: 2G
 Pre-touch: Disabled
 Parallel Workers: 4
 Concurrent Workers: 1
 Concurrent Refinement Workers: 4
 Periodic GC: Disabled
Heap:
 garbage-first heap   total 215040K, used 120777K [0x0000000080000000, 0x0000000100000000)
  region size 1024K, 2 young (2048K), 2 survivors (2048K)
 Metaspace       used 107007K, committed 107776K, reserved 1179648K
  class space    used 14544K, committed 14912K, reserved 1048576K
GC Heap History (20 events):
Event: 24.810 GC heap after
{Heap after GC invocations=26 (full 0):
 garbage-first heap   total 162816K, used 81443K [0x0000000080000000, 0x0000000100000000)
  region size 1024K, 4 young (4096K), 4 survivors (4096K)
 Metaspace       used 100100K, committed 100736K, reserved 1179648K
  class space    used 13771K, committed 14080K, reserved 1048576K
}
Event: 27.386 GC heap before
{Heap before GC invocations=27 (full 0):
 garbage-first heap   total 162816K, used 130595K [0x0000000080000000, 0x0000000100000000)
  region size 1024K, 53 young (54272K), 4 survivors (4096K)
 Metaspace       used 104065K, committed 104768K, reserved 1179648K
  class space    used 14281K, committed 14656K, reserved 1048576K
}
Event: 27.400 GC heap after
{Heap after GC invocations=28 (full 0):
 garbage-first heap   total 162816K, used 86016K [0x0000000080000000, 0x0000000100000000)
  region size 1024K, 7 young (7168K), 7 survivors (7168K)
 Metaspace       used 104065K, committed 104768K, reserved 1179648K
  class space    used 14281K, committed 14656K, reserved 1048576K
}
Event: 27.420 GC heap before
{Heap before GC invocations=28 (full 0):
 garbage-first heap   total 162816K, used 87040K [0x0000000080000000, 0x0000000100000000)
  region size 1024K, 8 young (8192K), 7 survivors (7168K)
 Metaspace       used 104077K, committed 104832K, reserved 1179648K
  class space    used 14282K, committed 14656K, reserved 1048576K
}
Event: 27.431 GC heap after
{Heap after GC invocations=29 (full 0):
 garbage-first heap   total 162816K, used 86122K [0x0000000080000000, 0x0000000100000000)
  region size 1024K, 1 young (1024K), 1 survivors (1024K)
 Metaspace       used 104077K, committed 104832K, reserved 1179648K
  class space    used 14282K, committed 14656K, reserved 1048576K
}
Event: 30.675 GC heap before
{Heap before GC invocations=29 (full 0):
 garbage-first heap   total 162816K, used 131178K [0x0000000080000000, 0x0000000100000000)
  region size 1024K, 46 young (47104K), 1 survivors (1024K)
 Metaspace       used 104425K, committed 105152K, reserved 1179648K
  class space    used 14305K, committed 14656K, reserved 1048576K
}
Event: 30.680 GC heap after
{Heap after GC invocations=30 (full 0):
 garbage-first heap   total 162816K, used 87619K [0x0000000080000000, 0x0000000100000000)
  region size 1024K, 3 young (3072K), 3 survivors (3072K)
 Metaspace       used 104425K, committed 105152K, reserved 1179648K
  class space    used 14305K, committed 14656K, reserved 1048576K
}
Event: 32.126 GC heap before
{Heap before GC invocations=31 (full 0):
 garbage-first heap   total 162816K, used 131651K [0x0000000080000000, 0x0000000100000000)
  region size 1024K, 47 young (48128K), 3 survivors (3072K)
 Metaspace       used 104459K, committed 105216K, reserved 1179648K
  class space    used 14305K, committed 14656K, reserved 1048576K
}
Event: 32.132 GC heap after
{Heap after GC invocations=32 (full 0):
 garbage-first heap   total 162816K, used 89137K [0x0000000080000000, 0x0000000100000000)
  region size 1024K, 4 young (4096K), 4 survivors (4096K)
 Metaspace       used 104459K, committed 105216K, reserved 1179648K
  class space    used 14305K, committed 14656K, reserved 1048576K
}
Event: 32.148 GC heap before
{Heap before GC invocations=32 (full 0):
 garbage-first heap   total 162816K, used 91185K [0x0000000080000000, 0x0000000100000000)
  region size 1024K, 7 young (7168K), 4 survivors (4096K)
 Metaspace       used 104459K, committed 105216K, reserved 1179648K
  class space    used 14305K, committed 14656K, reserved 1048576K
}
Event: 32.155 GC heap after
{Heap after GC invocations=33 (full 0):
 garbage-first heap   total 162816K, used 87939K [0x0000000080000000, 0x0000000100000000)
  region size 1024K, 1 young (1024K), 1 survivors (1024K)
 Metaspace       used 104459K, committed 105216K, reserved 1179648K
  class space    used 14305K, committed 14656K, reserved 1048576K
}
Event: 34.081 GC heap before
{Heap before GC invocations=33 (full 0):
 garbage-first heap   total 162816K, used 132995K [0x0000000080000000, 0x0000000100000000)
  region size 1024K, 46 young (47104K), 1 survivors (1024K)
 Metaspace       used 106342K, committed 107072K, reserved 1179648K
  class space    used 14505K, committed 14848K, reserved 1048576K
}
Event: 34.090 GC heap after
{Heap after GC invocations=34 (full 0):
 garbage-first heap   total 162816K, used 92437K [0x0000000080000000, 0x0000000100000000)
  region size 1024K, 6 young (6144K), 6 survivors (6144K)
 Metaspace       used 106342K, committed 107072K, reserved 1179648K
  class space    used 14505K, committed 14848K, reserved 1048576K
}
Event: 34.867 GC heap before
{Heap before GC invocations=34 (full 0):
 garbage-first heap   total 162816K, used 140565K [0x0000000080000000, 0x0000000100000000)
  region size 1024K, 45 young (46080K), 6 survivors (6144K)
 Metaspace       used 106487K, committed 107200K, reserved 1179648K
  class space    used 14505K, committed 14848K, reserved 1048576K
}
Event: 34.895 GC heap after
{Heap after GC invocations=35 (full 0):
 garbage-first heap   total 166912K, used 113434K [0x0000000080000000, 0x0000000100000000)
  region size 1024K, 6 young (6144K), 6 survivors (6144K)
 Metaspace       used 106487K, committed 107200K, reserved 1179648K
  class space    used 14505K, committed 14848K, reserved 1048576K
}
Event: 35.760 GC heap before
{Heap before GC invocations=35 (full 0):
 garbage-first heap   total 166912K, used 134938K [0x0000000080000000, 0x0000000100000000)
  region size 1024K, 25 young (25600K), 6 survivors (6144K)
 Metaspace       used 106875K, committed 107648K, reserved 1179648K
  class space    used 14539K, committed 14912K, reserved 1048576K
}
Event: 35.775 GC heap after
{Heap after GC invocations=36 (full 0):
 garbage-first heap   total 166912K, used 119848K [0x0000000080000000, 0x0000000100000000)
  region size 1024K, 4 young (4096K), 4 survivors (4096K)
 Metaspace       used 106875K, committed 107648K, reserved 1179648K
  class space    used 14539K, committed 14912K, reserved 1048576K
}
Event: 36.640 GC heap before
{Heap before GC invocations=37 (full 0):
 garbage-first heap   total 215040K, used 141352K [0x0000000080000000, 0x0000000100000000)
  region size 1024K, 20 young (20480K), 4 survivors (4096K)
 Metaspace       used 106966K, committed 107776K, reserved 1179648K
  class space    used 14541K, committed 14912K, reserved 1048576K
}
Event: 36.658 GC heap after
{Heap after GC invocations=38 (full 0):
 garbage-first heap   total 215040K, used 121102K [0x0000000080000000, 0x0000000100000000)
  region size 1024K, 3 young (3072K), 3 survivors (3072K)
 Metaspace       used 106966K, committed 107776K, reserved 1179648K
  class space    used 14541K, committed 14912K, reserved 1048576K
}
Event: 36.847 GC heap before
{Heap before GC invocations=38 (full 0):
 garbage-first heap   total 215040K, used 128270K [0x0000000080000000, 0x0000000100000000)
  region size 1024K, 10 young (10240K), 3 survivors (3072K)
 Metaspace       used 107007K, committed 107776K, reserved 1179648K
  class space    used 14544K, committed 14912K, reserved 1048576K
}

