# JRE version: OpenJDK Runtime Environment (17.0.10) (build 17.0.10+0--11572160)
# Java VM: OpenJDK 64-Bit Server VM (17.0.10+0--11572160, mixed mode, tiered, compressed oops, compressed class ptrs, g1 gc, windows-amd64)
GC Precious Log:
 CPUs: 4 total, 4 available
 Memory: 8083M
 Large Page Support: Disabled
 NUMA Support: Disabled
 Compressed Oops: Enabled (32-bit)
 Heap Region Size: 1M
 Heap Min Capacity: 8M
 Heap Initial Capacity: 128M
 Heap Max Capacity: 2G
 Pre-touch: Disabled
 Parallel Workers: 4
 Concurrent Workers: 1
 Concurrent Refinement Workers: 4
 Periodic GC: Disabled
Heap:
 garbage-first heap   total 86016K, used 56507K [0x0000000080000000, 0x0000000100000000)
  region size 1024K, 26 young (26624K), 4 survivors (4096K)
 Metaspace       used 53310K, committed 53760K, reserved 1114112K
  class space    used 7324K, committed 7552K, reserved 1048576K
GC Heap History (20 events):
Event: 2.195 GC heap before
{Heap before GC invocations=2 (full 0):
 garbage-first heap   total 131072K, used 34124K [0x0000000080000000, 0x0000000100000000)
  region size 1024K, 27 young (27648K), 3 survivors (3072K)
 Metaspace       used 11459K, committed 11648K, reserved 1114112K
  class space    used 1197K, committed 1280K, reserved 1048576K
}
Event: 2.199 GC heap after
{Heap after GC invocations=3 (full 0):
 garbage-first heap   total 131072K, used 11612K [0x0000000080000000, 0x0000000100000000)
  region size 1024K, 1 young (1024K), 1 survivors (1024K)
 Metaspace       used 11459K, committed 11648K, reserved 1114112K
  class space    used 1197K, committed 1280K, reserved 1048576K
}
Event: 4.235 GC heap before
{Heap before GC invocations=3 (full 0):
 garbage-first heap   total 131072K, used 57692K [0x0000000080000000, 0x0000000100000000)
  region size 1024K, 47 young (48128K), 1 survivors (1024K)
 Metaspace       used 21297K, committed 21504K, reserved 1114112K
  class space    used 2507K, committed 2624K, reserved 1048576K
}
Event: 4.246 GC heap after
{Heap after GC invocations=4 (full 0):
 garbage-first heap   total 131072K, used 19537K [0x0000000080000000, 0x0000000100000000)
  region size 1024K, 9 young (9216K), 9 survivors (9216K)
 Metaspace       used 21297K, committed 21504K, reserved 1114112K
  class space    used 2507K, committed 2624K, reserved 1048576K
}
Event: 5.112 GC heap before
{Heap before GC invocations=5 (full 0):
 garbage-first heap   total 71680K, used 53329K [0x0000000080000000, 0x0000000100000000)
  region size 1024K, 42 young (43008K), 9 survivors (9216K)
 Metaspace       used 26543K, committed 26752K, reserved 1114112K
  class space    used 3420K, committed 3520K, reserved 1048576K
}
Event: 5.123 GC heap after
{Heap after GC invocations=6 (full 0):
 garbage-first heap   total 71680K, used 21117K [0x0000000080000000, 0x0000000100000000)
  region size 1024K, 2 young (2048K), 2 survivors (2048K)
 Metaspace       used 26543K, committed 26752K, reserved 1114112K
  class space    used 3420K, committed 3520K, reserved 1048576K
}
Event: 6.004 GC heap before
{Heap before GC invocations=6 (full 0):
 garbage-first heap   total 71680K, used 50813K [0x0000000080000000, 0x0000000100000000)
  region size 1024K, 32 young (32768K), 2 survivors (2048K)
 Metaspace       used 30718K, committed 30976K, reserved 1114112K
  class space    used 4107K, committed 4224K, reserved 1048576K
}
Event: 6.010 GC heap after
{Heap after GC invocations=7 (full 0):
 garbage-first heap   total 71680K, used 22816K [0x0000000080000000, 0x0000000100000000)
  region size 1024K, 4 young (4096K), 4 survivors (4096K)
 Metaspace       used 30718K, committed 30976K, reserved 1114112K
  class space    used 4107K, committed 4224K, reserved 1048576K
}
Event: 6.696 GC heap before
{Heap before GC invocations=7 (full 0):
 garbage-first heap   total 71680K, used 52512K [0x0000000080000000, 0x0000000100000000)
  region size 1024K, 34 young (34816K), 4 survivors (4096K)
 Metaspace       used 34628K, committed 34944K, reserved 1114112K
  class space    used 4742K, committed 4928K, reserved 1048576K
}
Event: 6.705 GC heap after
{Heap after GC invocations=8 (full 0):
 garbage-first heap   total 71680K, used 24030K [0x0000000080000000, 0x0000000100000000)
  region size 1024K, 3 young (3072K), 3 survivors (3072K)
 Metaspace       used 34628K, committed 34944K, reserved 1114112K
  class space    used 4742K, committed 4928K, reserved 1048576K
}
Event: 6.823 GC heap before
{Heap before GC invocations=8 (full 0):
 garbage-first heap   total 71680K, used 28126K [0x0000000080000000, 0x0000000100000000)
  region size 1024K, 9 young (9216K), 3 survivors (3072K)
 Metaspace       used 35629K, committed 35968K, reserved 1114112K
  class space    used 4882K, committed 5056K, reserved 1048576K
}
Event: 6.829 GC heap after
{Heap after GC invocations=9 (full 0):
 garbage-first heap   total 71680K, used 24723K [0x0000000080000000, 0x0000000100000000)
  region size 1024K, 2 young (2048K), 2 survivors (2048K)
 Metaspace       used 35629K, committed 35968K, reserved 1114112K
  class space    used 4882K, committed 5056K, reserved 1048576K
}
Event: 7.612 GC heap before
{Heap before GC invocations=10 (full 0):
 garbage-first heap   total 71680K, used 54419K [0x0000000080000000, 0x0000000100000000)
  region size 1024K, 32 young (32768K), 2 survivors (2048K)
 Metaspace       used 40778K, committed 41088K, reserved 1114112K
  class space    used 5415K, committed 5568K, reserved 1048576K
}
Event: 7.620 GC heap after
{Heap after GC invocations=11 (full 0):
 garbage-first heap   total 71680K, used 28390K [0x0000000080000000, 0x0000000100000000)
  region size 1024K, 4 young (4096K), 4 survivors (4096K)
 Metaspace       used 40778K, committed 41088K, reserved 1114112K
  class space    used 5415K, committed 5568K, reserved 1048576K
}
Event: 8.027 GC heap before
{Heap before GC invocations=11 (full 0):
 garbage-first heap   total 71680K, used 55014K [0x0000000080000000, 0x0000000100000000)
  region size 1024K, 31 young (31744K), 4 survivors (4096K)
 Metaspace       used 42117K, committed 42496K, reserved 1114112K
  class space    used 5608K, committed 5760K, reserved 1048576K
}
Event: 8.039 GC heap after
{Heap after GC invocations=12 (full 0):
 garbage-first heap   total 71680K, used 30198K [0x0000000080000000, 0x0000000100000000)
  region size 1024K, 2 young (2048K), 2 survivors (2048K)
 Metaspace       used 42117K, committed 42496K, reserved 1114112K
  class space    used 5608K, committed 5760K, reserved 1048576K
}
Event: 8.838 GC heap before
{Heap before GC invocations=12 (full 0):
 garbage-first heap   total 71680K, used 56822K [0x0000000080000000, 0x0000000100000000)
  region size 1024K, 28 young (28672K), 2 survivors (2048K)
 Metaspace       used 45488K, committed 45952K, reserved 1114112K
  class space    used 6183K, committed 6400K, reserved 1048576K
}
Event: 8.847 GC heap after
{Heap after GC invocations=13 (full 0):
 garbage-first heap   total 86016K, used 31995K [0x0000000080000000, 0x0000000100000000)
  region size 1024K, 4 young (4096K), 4 survivors (4096K)
 Metaspace       used 45488K, committed 45952K, reserved 1114112K
  class space    used 6183K, committed 6400K, reserved 1048576K
}
Event: 9.906 GC heap before
{Heap before GC invocations=13 (full 0):
 garbage-first heap   total 86016K, used 66811K [0x0000000080000000, 0x0000000100000000)
  region size 1024K, 38 young (38912K), 4 survivors (4096K)
 Metaspace       used 50067K, committed 50560K, reserved 1114112K
  class space    used 6894K, committed 7104K, reserved 1048576K
}
Event: 9.914 GC heap after
{Heap after GC invocations=14 (full 0):
 garbage-first heap   total 86016K, used 33979K [0x0000000080000000, 0x0000000100000000)
  region size 1024K, 4 young (4096K), 4 survivors (4096K)
 Metaspace       used 50067K, committed 50560K, reserved 1114112K
  class space    used 6894K, committed 7104K, reserved 1048576K
}

