# JRE version: OpenJDK Runtime Environment (17.0.10) (build 17.0.10+0--11572160)
# Java VM: OpenJDK 64-Bit Server VM (17.0.10+0--11572160, mixed mode, tiered, compressed oops, compressed class ptrs, g1 gc, windows-amd64)
GC Precious Log:
 CPUs: 4 total, 4 available
 Memory: 8083M
 Large Page Support: Disabled
 NUMA Support: Disabled
 Compressed Oops: Enabled (32-bit)
 Heap Region Size: 1M
 Heap Min Capacity: 8M
 Heap Initial Capacity: 128M
 Heap Max Capacity: 2G
 Pre-touch: Disabled
 Parallel Workers: 4
 Concurrent Workers: 1
 Concurrent Refinement Workers: 4
 Periodic GC: Disabled
Heap:
 garbage-first heap   total 159744K, used 101685K [0x0000000080000000, 0x0000000100000000)
  region size 1024K, 19 young (19456K), 1 survivors (1024K)
 Metaspace       used 64534K, committed 65152K, reserved 1114112K
  class space    used 8805K, committed 9088K, reserved 1048576K
GC Heap History (20 events):
Event: 11.101 GC heap before
{Heap before GC invocations=22 (full 0):
 garbage-first heap   total 92160K, used 63584K [0x0000000080000000, 0x0000000100000000)
  region size 1024K, 14 young (14336K), 4 survivors (4096K)
 Metaspace       used 50639K, committed 51136K, reserved 1114112K
  class space    used 6837K, committed 7040K, reserved 1048576K
}
Event: 11.110 GC heap after
{Heap after GC invocations=23 (full 0):
 garbage-first heap   total 92160K, used 57947K [0x0000000080000000, 0x0000000100000000)
  region size 1024K, 4 young (4096K), 4 survivors (4096K)
 Metaspace       used 50639K, committed 51136K, reserved 1114112K
  class space    used 6837K, committed 7040K, reserved 1048576K
}
Event: 11.259 GC heap before
{Heap before GC invocations=24 (full 0):
 garbage-first heap   total 107520K, used 64091K [0x0000000080000000, 0x0000000100000000)
  region size 1024K, 9 young (9216K), 4 survivors (4096K)
 Metaspace       used 50987K, committed 51520K, reserved 1114112K
  class space    used 6862K, committed 7104K, reserved 1048576K
}
Event: 11.264 GC heap after
{Heap after GC invocations=25 (full 0):
 garbage-first heap   total 107520K, used 62641K [0x0000000080000000, 0x0000000100000000)
  region size 1024K, 2 young (2048K), 2 survivors (2048K)
 Metaspace       used 50987K, committed 51520K, reserved 1114112K
  class space    used 6862K, committed 7104K, reserved 1048576K
}
Event: 11.731 GC heap before
{Heap before GC invocations=26 (full 0):
 garbage-first heap   total 112640K, used 84145K [0x0000000080000000, 0x0000000100000000)
  region size 1024K, 21 young (21504K), 2 survivors (2048K)
 Metaspace       used 53178K, committed 53696K, reserved 1114112K
  class space    used 7091K, committed 7296K, reserved 1048576K
}
Event: 11.733 GC heap after
{Heap after GC invocations=27 (full 0):
 garbage-first heap   total 112640K, used 62708K [0x0000000080000000, 0x0000000100000000)
  region size 1024K, 2 young (2048K), 2 survivors (2048K)
 Metaspace       used 53178K, committed 53696K, reserved 1114112K
  class space    used 7091K, committed 7296K, reserved 1048576K
}
Event: 12.487 GC heap before
{Heap before GC invocations=27 (full 0):
 garbage-first heap   total 112640K, used 86260K [0x0000000080000000, 0x0000000100000000)
  region size 1024K, 26 young (26624K), 2 survivors (2048K)
 Metaspace       used 55113K, committed 55680K, reserved 1114112K
  class space    used 7425K, committed 7680K, reserved 1048576K
}
Event: 12.492 GC heap after
{Heap after GC invocations=28 (full 0):
 garbage-first heap   total 112640K, used 64020K [0x0000000080000000, 0x0000000100000000)
  region size 1024K, 3 young (3072K), 3 survivors (3072K)
 Metaspace       used 55113K, committed 55680K, reserved 1114112K
  class space    used 7425K, committed 7680K, reserved 1048576K
}
Event: 13.385 GC heap before
{Heap before GC invocations=29 (full 0):
 garbage-first heap   total 112640K, used 88596K [0x0000000080000000, 0x0000000100000000)
  region size 1024K, 28 young (28672K), 3 survivors (3072K)
 Metaspace       used 58057K, committed 58624K, reserved 1114112K
  class space    used 7906K, committed 8192K, reserved 1048576K
}
Event: 13.394 GC heap after
{Heap after GC invocations=30 (full 0):
 garbage-first heap   total 112640K, used 65975K [0x0000000080000000, 0x0000000100000000)
  region size 1024K, 4 young (4096K), 4 survivors (4096K)
 Metaspace       used 58057K, committed 58624K, reserved 1114112K
  class space    used 7906K, committed 8192K, reserved 1048576K
}
Event: 14.620 GC heap before
{Heap before GC invocations=30 (full 0):
 garbage-first heap   total 112640K, used 90551K [0x0000000080000000, 0x0000000100000000)
  region size 1024K, 28 young (28672K), 4 survivors (4096K)
 Metaspace       used 60709K, committed 61312K, reserved 1114112K
  class space    used 8341K, committed 8640K, reserved 1048576K
}
Event: 14.628 GC heap after
{Heap after GC invocations=31 (full 0):
 garbage-first heap   total 112640K, used 67138K [0x0000000080000000, 0x0000000100000000)
  region size 1024K, 4 young (4096K), 4 survivors (4096K)
 Metaspace       used 60709K, committed 61312K, reserved 1114112K
  class space    used 8341K, committed 8640K, reserved 1048576K
}
Event: 15.641 GC heap before
{Heap before GC invocations=32 (full 0):
 garbage-first heap   total 119808K, used 90690K [0x0000000080000000, 0x0000000100000000)
  region size 1024K, 27 young (27648K), 4 survivors (4096K)
 Metaspace       used 61523K, committed 62144K, reserved 1114112K
  class space    used 8417K, committed 8704K, reserved 1048576K
}
Event: 15.653 GC heap after
{Heap after GC invocations=33 (full 0):
 garbage-first heap   total 119808K, used 71020K [0x0000000080000000, 0x0000000100000000)
  region size 1024K, 4 young (4096K), 4 survivors (4096K)
 Metaspace       used 61523K, committed 62144K, reserved 1114112K
  class space    used 8417K, committed 8704K, reserved 1048576K
}
Event: 16.078 GC heap before
{Heap before GC invocations=33 (full 0):
 garbage-first heap   total 119808K, used 90476K [0x0000000080000000, 0x0000000100000000)
  region size 1024K, 24 young (24576K), 4 survivors (4096K)
 Metaspace       used 61813K, committed 62528K, reserved 1114112K
  class space    used 8435K, committed 8768K, reserved 1048576K
}
Event: 16.086 GC heap after
{Heap after GC invocations=34 (full 0):
 garbage-first heap   total 119808K, used 72990K [0x0000000080000000, 0x0000000100000000)
  region size 1024K, 3 young (3072K), 3 survivors (3072K)
 Metaspace       used 61813K, committed 62528K, reserved 1114112K
  class space    used 8435K, committed 8768K, reserved 1048576K
}
Event: 16.895 GC heap before
{Heap before GC invocations=35 (full 0):
 garbage-first heap   total 133120K, used 103710K [0x0000000080000000, 0x0000000100000000)
  region size 1024K, 27 young (27648K), 3 survivors (3072K)
 Metaspace       used 63019K, committed 63680K, reserved 1114112K
  class space    used 8593K, committed 8896K, reserved 1048576K
}
Event: 16.900 GC heap after
{Heap after GC invocations=36 (full 0):
 garbage-first heap   total 133120K, used 84647K [0x0000000080000000, 0x0000000100000000)
  region size 1024K, 4 young (4096K), 4 survivors (4096K)
 Metaspace       used 63019K, committed 63680K, reserved 1114112K
  class space    used 8593K, committed 8896K, reserved 1048576K
}
Event: 16.936 GC heap before
{Heap before GC invocations=36 (full 0):
 garbage-first heap   total 133120K, used 86695K [0x0000000080000000, 0x0000000100000000)
  region size 1024K, 6 young (6144K), 4 survivors (4096K)
 Metaspace       used 63122K, committed 63744K, reserved 1114112K
  class space    used 8614K, committed 8896K, reserved 1048576K
}
Event: 16.940 GC heap after
{Heap after GC invocations=37 (full 0):
 garbage-first heap   total 159744K, used 84277K [0x0000000080000000, 0x0000000100000000)
  region size 1024K, 1 young (1024K), 1 survivors (1024K)
 Metaspace       used 63122K, committed 63744K, reserved 1114112K
  class space    used 8614K, committed 8896K, reserved 1048576K
}

