# JRE version: OpenJDK Runtime Environment (17.0.10) (build 17.0.10+0--11572160)
# Java VM: OpenJDK 64-Bit Server VM (17.0.10+0--11572160, mixed mode, tiered, compressed oops, compressed class ptrs, g1 gc, windows-amd64)
GC Precious Log:
 CPUs: 4 total, 4 available
 Memory: 8083M
 Large Page Support: Disabled
 NUMA Support: Disabled
 Compressed Oops: Enabled (32-bit)
 Heap Region Size: 1M
 Heap Min Capacity: 8M
 Heap Initial Capacity: 128M
 Heap Max Capacity: 2G
 Pre-touch: Disabled
 Parallel Workers: 4
 Concurrent Workers: 1
 Concurrent Refinement Workers: 4
 Periodic GC: Disabled
Heap:
 garbage-first heap   total 245760K, used 193535K [0x0000000080000000, 0x0000000100000000)
  region size 1024K, 3 young (3072K), 3 survivors (3072K)
 Metaspace       used 116434K, committed 117184K, reserved 1179648K
  class space    used 16104K, committed 16448K, reserved 1048576K
GC Heap History (20 events):
Event: 15.829 GC heap after
{Heap after GC invocations=33 (full 0):
 garbage-first heap   total 245760K, used 66601K [0x0000000080000000, 0x0000000100000000)
  region size 1024K, 2 young (2048K), 2 survivors (2048K)
 Metaspace       used 78887K, committed 79552K, reserved 1179648K
  class space    used 10683K, committed 11008K, reserved 1048576K
}
Event: 18.289 GC heap before
{Heap before GC invocations=34 (full 0):
 garbage-first heap   total 245760K, used 181289K [0x0000000080000000, 0x0000000100000000)
  region size 1024K, 114 young (116736K), 2 survivors (2048K)
 Metaspace       used 87244K, committed 87872K, reserved 1179648K
  class space    used 12047K, committed 12352K, reserved 1048576K
}
Event: 18.301 GC heap after
{Heap after GC invocations=35 (full 0):
 garbage-first heap   total 245760K, used 71175K [0x0000000080000000, 0x0000000100000000)
  region size 1024K, 6 young (6144K), 6 survivors (6144K)
 Metaspace       used 87244K, committed 87872K, reserved 1179648K
  class space    used 12047K, committed 12352K, reserved 1048576K
}
Event: 18.413 GC heap before
{Heap before GC invocations=35 (full 0):
 garbage-first heap   total 245760K, used 76295K [0x0000000080000000, 0x0000000100000000)
  region size 1024K, 12 young (12288K), 6 survivors (6144K)
 Metaspace       used 87630K, committed 88256K, reserved 1179648K
  class space    used 12104K, committed 12416K, reserved 1048576K
}
Event: 18.426 GC heap after
{Heap after GC invocations=36 (full 0):
 garbage-first heap   total 245760K, used 71182K [0x0000000080000000, 0x0000000100000000)
  region size 1024K, 1 young (1024K), 1 survivors (1024K)
 Metaspace       used 87630K, committed 88256K, reserved 1179648K
  class space    used 12104K, committed 12416K, reserved 1048576K
}
Event: 21.044 GC heap before
{Heap before GC invocations=36 (full 0):
 garbage-first heap   total 245760K, used 201230K [0x0000000080000000, 0x0000000100000000)
  region size 1024K, 124 young (126976K), 1 survivors (1024K)
 Metaspace       used 97122K, committed 97792K, reserved 1179648K
  class space    used 13370K, committed 13696K, reserved 1048576K
}
Event: 21.064 GC heap after
{Heap after GC invocations=37 (full 0):
 garbage-first heap   total 245760K, used 82500K [0x0000000080000000, 0x0000000100000000)
  region size 1024K, 12 young (12288K), 12 survivors (12288K)
 Metaspace       used 97122K, committed 97792K, reserved 1179648K
  class space    used 13370K, committed 13696K, reserved 1048576K
}
Event: 23.356 GC heap before
{Heap before GC invocations=37 (full 0):
 garbage-first heap   total 245760K, used 194116K [0x0000000080000000, 0x0000000100000000)
  region size 1024K, 122 young (124928K), 12 survivors (12288K)
 Metaspace       used 98643K, committed 99328K, reserved 1179648K
  class space    used 13542K, committed 13888K, reserved 1048576K
}
Event: 23.379 GC heap after
{Heap after GC invocations=38 (full 0):
 garbage-first heap   total 245760K, used 88688K [0x0000000080000000, 0x0000000100000000)
  region size 1024K, 9 young (9216K), 9 survivors (9216K)
 Metaspace       used 98643K, committed 99328K, reserved 1179648K
  class space    used 13542K, committed 13888K, reserved 1048576K
}
Event: 25.952 GC heap before
{Heap before GC invocations=38 (full 0):
 garbage-first heap   total 245760K, used 196208K [0x0000000080000000, 0x0000000100000000)
  region size 1024K, 113 young (115712K), 9 survivors (9216K)
 Metaspace       used 107282K, committed 108032K, reserved 1179648K
  class space    used 14670K, committed 15040K, reserved 1048576K
}
Event: 25.970 GC heap after
{Heap after GC invocations=39 (full 0):
 garbage-first heap   total 245760K, used 94904K [0x0000000080000000, 0x0000000100000000)
  region size 1024K, 6 young (6144K), 6 survivors (6144K)
 Metaspace       used 107282K, committed 108032K, reserved 1179648K
  class space    used 14670K, committed 15040K, reserved 1048576K
}
Event: 28.089 GC heap before
{Heap before GC invocations=39 (full 0):
 garbage-first heap   total 245760K, used 200376K [0x0000000080000000, 0x0000000100000000)
  region size 1024K, 85 young (87040K), 6 survivors (6144K)
 Metaspace       used 111934K, committed 112704K, reserved 1179648K
  class space    used 15341K, committed 15680K, reserved 1048576K
}
Event: 28.105 GC heap after
{Heap after GC invocations=40 (full 0):
 garbage-first heap   total 245760K, used 119403K [0x0000000080000000, 0x0000000100000000)
  region size 1024K, 14 young (14336K), 14 survivors (14336K)
 Metaspace       used 111934K, committed 112704K, reserved 1179648K
  class space    used 15341K, committed 15680K, reserved 1048576K
}
Event: 29.500 GC heap before
{Heap before GC invocations=40 (full 0):
 garbage-first heap   total 245760K, used 212587K [0x0000000080000000, 0x0000000100000000)
  region size 1024K, 91 young (93184K), 14 survivors (14336K)
 Metaspace       used 115279K, committed 116032K, reserved 1179648K
  class space    used 15989K, committed 16320K, reserved 1048576K
}
Event: 29.541 GC heap after
{Heap after GC invocations=41 (full 0):
 garbage-first heap   total 245760K, used 142894K [0x0000000080000000, 0x0000000100000000)
  region size 1024K, 12 young (12288K), 12 survivors (12288K)
 Metaspace       used 115279K, committed 116032K, reserved 1179648K
  class space    used 15989K, committed 16320K, reserved 1048576K
}
Event: 30.272 GC heap before
{Heap before GC invocations=41 (full 0):
 garbage-first heap   total 245760K, used 195118K [0x0000000080000000, 0x0000000100000000)
  region size 1024K, 63 young (64512K), 12 survivors (12288K)
 Metaspace       used 116266K, committed 116992K, reserved 1179648K
  class space    used 16095K, committed 16448K, reserved 1048576K
}
Event: 30.342 GC heap after
{Heap after GC invocations=42 (full 0):
 garbage-first heap   total 245760K, used 167423K [0x0000000080000000, 0x0000000100000000)
  region size 1024K, 8 young (8192K), 8 survivors (8192K)
 Metaspace       used 116266K, committed 116992K, reserved 1179648K
  class space    used 16095K, committed 16448K, reserved 1048576K
}
Event: 30.516 GC heap before
{Heap before GC invocations=42 (full 0):
 garbage-first heap   total 245760K, used 197119K [0x0000000080000000, 0x0000000100000000)
  region size 1024K, 37 young (37888K), 8 survivors (8192K)
 Metaspace       used 116275K, committed 116992K, reserved 1179648K
  class space    used 16096K, committed 16448K, reserved 1048576K
}
Event: 30.560 GC heap after
{Heap after GC invocations=43 (full 0):
 garbage-first heap   total 245760K, used 183295K [0x0000000080000000, 0x0000000100000000)
  region size 1024K, 5 young (5120K), 5 survivors (5120K)
 Metaspace       used 116275K, committed 116992K, reserved 1179648K
  class space    used 16096K, committed 16448K, reserved 1048576K
}
Event: 30.694 GC heap before
{Heap before GC invocations=43 (full 0):
 garbage-first heap   total 245760K, used 200703K [0x0000000080000000, 0x0000000100000000)
  region size 1024K, 23 young (23552K), 5 survivors (5120K)
 Metaspace       used 116434K, committed 117184K, reserved 1179648K
  class space    used 16104K, committed 16448K, reserved 1048576K
}

