# JRE version: OpenJDK Runtime Environment (17.0.10) (build 17.0.10+0--11572160)
# Java VM: OpenJDK 64-Bit Server VM (17.0.10+0--11572160, mixed mode, tiered, compressed oops, compressed class ptrs, g1 gc, windows-amd64)
GC Precious Log:
 CPUs: 4 total, 4 available
 Memory: 8083M
 Large Page Support: Disabled
 NUMA Support: Disabled
 Compressed Oops: Enabled (32-bit)
 Heap Region Size: 1M
 Heap Min Capacity: 8M
 Heap Initial Capacity: 128M
 Heap Max Capacity: 2G
 Pre-touch: Disabled
 Parallel Workers: 4
 Concurrent Workers: 1
 Concurrent Refinement Workers: 4
 Periodic GC: Disabled
Heap:
 garbage-first heap   total 82944K, used 59456K [0x0000000080000000, 0x0000000100000000)
  region size 1024K, 31 young (31744K), 4 survivors (4096K)
 Metaspace       used 52194K, committed 52672K, reserved 1114112K
  class space    used 7254K, committed 7488K, reserved 1048576K
GC Heap History (20 events):
Event: 2.122 GC heap before
{Heap before GC invocations=2 (full 0):
 garbage-first heap   total 131072K, used 33517K [0x0000000080000000, 0x0000000100000000)
  region size 1024K, 25 young (25600K), 3 survivors (3072K)
 Metaspace       used 11441K, committed 11648K, reserved 1114112K
  class space    used 1196K, committed 1280K, reserved 1048576K
}
Event: 2.126 GC heap after
{Heap after GC invocations=3 (full 0):
 garbage-first heap   total 131072K, used 11854K [0x0000000080000000, 0x0000000100000000)
  region size 1024K, 1 young (1024K), 1 survivors (1024K)
 Metaspace       used 11441K, committed 11648K, reserved 1114112K
  class space    used 1196K, committed 1280K, reserved 1048576K
}
Event: 3.912 GC heap before
{Heap before GC invocations=3 (full 0):
 garbage-first heap   total 131072K, used 61006K [0x0000000080000000, 0x0000000100000000)
  region size 1024K, 50 young (51200K), 1 survivors (1024K)
 Metaspace       used 21261K, committed 21504K, reserved 1114112K
  class space    used 2500K, committed 2624K, reserved 1048576K
}
Event: 3.922 GC heap after
{Heap after GC invocations=4 (full 0):
 garbage-first heap   total 131072K, used 19315K [0x0000000080000000, 0x0000000100000000)
  region size 1024K, 8 young (8192K), 8 survivors (8192K)
 Metaspace       used 21261K, committed 21504K, reserved 1114112K
  class space    used 2500K, committed 2624K, reserved 1048576K
}
Event: 4.837 GC heap before
{Heap before GC invocations=5 (full 0):
 garbage-first heap   total 68608K, used 52083K [0x0000000080000000, 0x0000000100000000)
  region size 1024K, 40 young (40960K), 8 survivors (8192K)
 Metaspace       used 26261K, committed 26560K, reserved 1114112K
  class space    used 3376K, committed 3520K, reserved 1048576K
}
Event: 4.849 GC heap after
{Heap after GC invocations=6 (full 0):
 garbage-first heap   total 68608K, used 21488K [0x0000000080000000, 0x0000000100000000)
  region size 1024K, 2 young (2048K), 2 survivors (2048K)
 Metaspace       used 26261K, committed 26560K, reserved 1114112K
  class space    used 3376K, committed 3520K, reserved 1048576K
}
Event: 5.646 GC heap before
{Heap before GC invocations=6 (full 0):
 garbage-first heap   total 68608K, used 49136K [0x0000000080000000, 0x0000000100000000)
  region size 1024K, 29 young (29696K), 2 survivors (2048K)
 Metaspace       used 30044K, committed 30336K, reserved 1114112K
  class space    used 4016K, committed 4160K, reserved 1048576K
}
Event: 5.652 GC heap after
{Heap after GC invocations=7 (full 0):
 garbage-first heap   total 68608K, used 22865K [0x0000000080000000, 0x0000000100000000)
  region size 1024K, 4 young (4096K), 4 survivors (4096K)
 Metaspace       used 30044K, committed 30336K, reserved 1114112K
  class space    used 4016K, committed 4160K, reserved 1048576K
}
Event: 6.240 GC heap before
{Heap before GC invocations=7 (full 0):
 garbage-first heap   total 68608K, used 50513K [0x0000000080000000, 0x0000000100000000)
  region size 1024K, 31 young (31744K), 4 survivors (4096K)
 Metaspace       used 33470K, committed 33792K, reserved 1114112K
  class space    used 4566K, committed 4736K, reserved 1048576K
}
Event: 6.247 GC heap after
{Heap after GC invocations=8 (full 0):
 garbage-first heap   total 68608K, used 24193K [0x0000000080000000, 0x0000000100000000)
  region size 1024K, 3 young (3072K), 3 survivors (3072K)
 Metaspace       used 33470K, committed 33792K, reserved 1114112K
  class space    used 4566K, committed 4736K, reserved 1048576K
}
Event: 6.585 GC heap before
{Heap before GC invocations=8 (full 0):
 garbage-first heap   total 68608K, used 35457K [0x0000000080000000, 0x0000000100000000)
  region size 1024K, 16 young (16384K), 3 survivors (3072K)
 Metaspace       used 35692K, committed 35968K, reserved 1114112K
  class space    used 4893K, committed 5056K, reserved 1048576K
}
Event: 6.595 GC heap after
{Heap after GC invocations=9 (full 0):
 garbage-first heap   total 68608K, used 24956K [0x0000000080000000, 0x0000000100000000)
  region size 1024K, 2 young (2048K), 2 survivors (2048K)
 Metaspace       used 35692K, committed 35968K, reserved 1114112K
  class space    used 4893K, committed 5056K, reserved 1048576K
}
Event: 7.393 GC heap before
{Heap before GC invocations=10 (full 0):
 garbage-first heap   total 68608K, used 52604K [0x0000000080000000, 0x0000000100000000)
  region size 1024K, 30 young (30720K), 2 survivors (2048K)
 Metaspace       used 40794K, committed 41152K, reserved 1114112K
  class space    used 5414K, committed 5568K, reserved 1048576K
}
Event: 7.400 GC heap after
{Heap after GC invocations=11 (full 0):
 garbage-first heap   total 68608K, used 28411K [0x0000000080000000, 0x0000000100000000)
  region size 1024K, 4 young (4096K), 4 survivors (4096K)
 Metaspace       used 40794K, committed 41152K, reserved 1114112K
  class space    used 5414K, committed 5568K, reserved 1048576K
}
Event: 7.714 GC heap before
{Heap before GC invocations=11 (full 0):
 garbage-first heap   total 68608K, used 52987K [0x0000000080000000, 0x0000000100000000)
  region size 1024K, 28 young (28672K), 4 survivors (4096K)
 Metaspace       used 41904K, committed 42304K, reserved 1114112K
  class space    used 5591K, committed 5760K, reserved 1048576K
}
Event: 7.722 GC heap after
{Heap after GC invocations=12 (full 0):
 garbage-first heap   total 68608K, used 29405K [0x0000000080000000, 0x0000000100000000)
  region size 1024K, 2 young (2048K), 2 survivors (2048K)
 Metaspace       used 41904K, committed 42304K, reserved 1114112K
  class space    used 5591K, committed 5760K, reserved 1048576K
}
Event: 8.424 GC heap before
{Heap before GC invocations=12 (full 0):
 garbage-first heap   total 68608K, used 52957K [0x0000000080000000, 0x0000000100000000)
  region size 1024K, 25 young (25600K), 2 survivors (2048K)
 Metaspace       used 44550K, committed 44992K, reserved 1114112K
  class space    used 6015K, committed 6208K, reserved 1048576K
}
Event: 8.429 GC heap after
{Heap after GC invocations=13 (full 0):
 garbage-first heap   total 82944K, used 31095K [0x0000000080000000, 0x0000000100000000)
  region size 1024K, 3 young (3072K), 3 survivors (3072K)
 Metaspace       used 44550K, committed 44992K, reserved 1114112K
  class space    used 6015K, committed 6208K, reserved 1048576K
}
Event: 9.361 GC heap before
{Heap before GC invocations=13 (full 0):
 garbage-first heap   total 82944K, used 62839K [0x0000000080000000, 0x0000000100000000)
  region size 1024K, 35 young (35840K), 3 survivors (3072K)
 Metaspace       used 48687K, committed 49216K, reserved 1114112K
  class space    used 6667K, committed 6912K, reserved 1048576K
}
Event: 9.367 GC heap after
{Heap after GC invocations=14 (full 0):
 garbage-first heap   total 82944K, used 32832K [0x0000000080000000, 0x0000000100000000)
  region size 1024K, 4 young (4096K), 4 survivors (4096K)
 Metaspace       used 48687K, committed 49216K, reserved 1114112K
  class space    used 6667K, committed 6912K, reserved 1048576K
}

