# JRE version: OpenJDK Runtime Environment (17.0.10) (build 17.0.10+0--11572160)
# Java VM: OpenJDK 64-Bit Server VM (17.0.10+0--11572160, mixed mode, tiered, compressed oops, compressed class ptrs, g1 gc, windows-amd64)
GC Precious Log:
 CPUs: 4 total, 4 available
 Memory: 8083M
 Large Page Support: Disabled
 NUMA Support: Disabled
 Compressed Oops: Enabled (32-bit)
 Heap Region Size: 1M
 Heap Min Capacity: 8M
 Heap Initial Capacity: 128M
 Heap Max Capacity: 2G
 Pre-touch: Disabled
 Parallel Workers: 4
 Concurrent Workers: 1
 Concurrent Refinement Workers: 4
 Periodic GC: Disabled
Heap:
 garbage-first heap   total 166912K, used 85832K [0x0000000080000000, 0x0000000100000000)
  region size 1024K, 2 young (2048K), 2 survivors (2048K)
 Metaspace       used 70067K, committed 70784K, reserved 1114112K
  class space    used 9389K, committed 9728K, reserved 1048576K
GC Heap History (20 events):
Event: 12.031 GC heap after
{Heap after GC invocations=24 (full 0):
 garbage-first heap   total 112640K, used 64286K [0x0000000080000000, 0x0000000100000000)
  region size 1024K, 3 young (3072K), 3 survivors (3072K)
 Metaspace       used 55236K, committed 55872K, reserved 1114112K
  class space    used 7456K, committed 7744K, reserved 1048576K
}
Event: 12.939 GC heap before
{Heap before GC invocations=25 (full 0):
 garbage-first heap   total 114688K, used 89886K [0x0000000080000000, 0x0000000100000000)
  region size 1024K, 28 young (28672K), 3 survivors (3072K)
 Metaspace       used 58197K, committed 58752K, reserved 1114112K
  class space    used 7926K, committed 8192K, reserved 1048576K
}
Event: 12.948 GC heap after
{Heap after GC invocations=26 (full 0):
 garbage-first heap   total 114688K, used 66105K [0x0000000080000000, 0x0000000100000000)
  region size 1024K, 4 young (4096K), 4 survivors (4096K)
 Metaspace       used 58197K, committed 58752K, reserved 1114112K
  class space    used 7926K, committed 8192K, reserved 1048576K
}
Event: 13.044 GC heap before
{Heap before GC invocations=26 (full 0):
 garbage-first heap   total 114688K, used 67129K [0x0000000080000000, 0x0000000100000000)
  region size 1024K, 5 young (5120K), 4 survivors (4096K)
 Metaspace       used 58271K, committed 58880K, reserved 1114112K
  class space    used 7942K, committed 8256K, reserved 1048576K
}
Event: 13.059 GC heap after
{Heap after GC invocations=27 (full 0):
 garbage-first heap   total 114688K, used 66105K [0x0000000080000000, 0x0000000100000000)
  region size 1024K, 1 young (1024K), 1 survivors (1024K)
 Metaspace       used 58271K, committed 58880K, reserved 1114112K
  class space    used 7942K, committed 8256K, reserved 1048576K
}
Event: 14.004 GC heap before
{Heap before GC invocations=27 (full 0):
 garbage-first heap   total 114688K, used 91705K [0x0000000080000000, 0x0000000100000000)
  region size 1024K, 26 young (26624K), 1 survivors (1024K)
 Metaspace       used 61002K, committed 61696K, reserved 1114112K
  class space    used 8392K, committed 8704K, reserved 1048576K
}
Event: 14.010 GC heap after
{Heap after GC invocations=28 (full 0):
 garbage-first heap   total 114688K, used 67228K [0x0000000080000000, 0x0000000100000000)
  region size 1024K, 2 young (2048K), 2 survivors (2048K)
 Metaspace       used 61002K, committed 61696K, reserved 1114112K
  class space    used 8392K, committed 8704K, reserved 1048576K
}
Event: 14.892 GC heap before
{Heap before GC invocations=29 (full 0):
 garbage-first heap   total 117760K, used 91804K [0x0000000080000000, 0x0000000100000000)
  region size 1024K, 27 young (27648K), 2 survivors (2048K)
 Metaspace       used 61559K, committed 62208K, reserved 1114112K
  class space    used 8422K, committed 8704K, reserved 1048576K
}
Event: 14.900 GC heap after
{Heap after GC invocations=30 (full 0):
 garbage-first heap   total 117760K, used 70993K [0x0000000080000000, 0x0000000100000000)
  region size 1024K, 4 young (4096K), 4 survivors (4096K)
 Metaspace       used 61559K, committed 62208K, reserved 1114112K
  class space    used 8422K, committed 8704K, reserved 1048576K
}
Event: 14.908 GC heap before
{Heap before GC invocations=30 (full 0):
 garbage-first heap   total 117760K, used 72017K [0x0000000080000000, 0x0000000100000000)
  region size 1024K, 5 young (5120K), 4 survivors (4096K)
 Metaspace       used 61563K, committed 62272K, reserved 1114112K
  class space    used 8422K, committed 8704K, reserved 1048576K
}
Event: 14.916 GC heap after
{Heap after GC invocations=31 (full 0):
 garbage-first heap   total 166912K, used 71555K [0x0000000080000000, 0x0000000100000000)
  region size 1024K, 1 young (1024K), 1 survivors (1024K)
 Metaspace       used 61563K, committed 62272K, reserved 1114112K
  class space    used 8422K, committed 8704K, reserved 1048576K
}
Event: 15.239 GC heap before
{Heap before GC invocations=31 (full 0):
 garbage-first heap   total 166912K, used 88963K [0x0000000080000000, 0x0000000100000000)
  region size 1024K, 17 young (17408K), 1 survivors (1024K)
 Metaspace       used 61851K, committed 62528K, reserved 1114112K
  class space    used 8446K, committed 8768K, reserved 1048576K
}
Event: 15.244 GC heap after
{Heap after GC invocations=32 (full 0):
 garbage-first heap   total 166912K, used 77511K [0x0000000080000000, 0x0000000100000000)
  region size 1024K, 4 young (4096K), 4 survivors (4096K)
 Metaspace       used 61851K, committed 62528K, reserved 1114112K
  class space    used 8446K, committed 8768K, reserved 1048576K
}
Event: 15.498 GC heap before
{Heap before GC invocations=32 (full 0):
 garbage-first heap   total 166912K, used 87751K [0x0000000080000000, 0x0000000100000000)
  region size 1024K, 15 young (15360K), 4 survivors (4096K)
 Metaspace       used 62403K, committed 63040K, reserved 1114112K
  class space    used 8541K, committed 8832K, reserved 1048576K
}
Event: 15.503 GC heap after
{Heap after GC invocations=33 (full 0):
 garbage-first heap   total 166912K, used 80757K [0x0000000080000000, 0x0000000100000000)
  region size 1024K, 6 young (6144K), 6 survivors (6144K)
 Metaspace       used 62403K, committed 63040K, reserved 1114112K
  class space    used 8541K, committed 8832K, reserved 1048576K
}
Event: 16.285 GC heap before
{Heap before GC invocations=34 (full 0):
 garbage-first heap   total 166912K, used 125813K [0x0000000080000000, 0x0000000100000000)
  region size 1024K, 47 young (48128K), 6 survivors (6144K)
 Metaspace       used 65325K, committed 65984K, reserved 1114112K
  class space    used 8907K, committed 9216K, reserved 1048576K
}
Event: 16.292 GC heap after
{Heap after GC invocations=35 (full 0):
 garbage-first heap   total 166912K, used 85724K [0x0000000080000000, 0x0000000100000000)
  region size 1024K, 6 young (6144K), 6 survivors (6144K)
 Metaspace       used 65325K, committed 65984K, reserved 1114112K
  class space    used 8907K, committed 9216K, reserved 1048576K
}
Event: 16.328 GC heap before
{Heap before GC invocations=35 (full 0):
 garbage-first heap   total 166912K, used 86748K [0x0000000080000000, 0x0000000100000000)
  region size 1024K, 8 young (8192K), 6 survivors (6144K)
 Metaspace       used 65491K, committed 66240K, reserved 1114112K
  class space    used 8925K, committed 9280K, reserved 1048576K
}
Event: 16.332 GC heap after
{Heap after GC invocations=36 (full 0):
 garbage-first heap   total 166912K, used 85207K [0x0000000080000000, 0x0000000100000000)
  region size 1024K, 1 young (1024K), 1 survivors (1024K)
 Metaspace       used 65491K, committed 66240K, reserved 1114112K
  class space    used 8925K, committed 9280K, reserved 1048576K
}
Event: 17.306 GC heap before
{Heap before GC invocations=36 (full 0):
 garbage-first heap   total 166912K, used 127191K [0x0000000080000000, 0x0000000100000000)
  region size 1024K, 42 young (43008K), 1 survivors (1024K)
 Metaspace       used 70067K, committed 70784K, reserved 1114112K
  class space    used 9389K, committed 9728K, reserved 1048576K
}

