# JRE version: OpenJDK Runtime Environment (17.0.10) (build 17.0.10+0--11572160)
# Java VM: OpenJDK 64-Bit Server VM (17.0.10+0--11572160, mixed mode, tiered, compressed oops, compressed class ptrs, g1 gc, windows-amd64)
GC Precious Log:
 CPUs: 4 total, 4 available
 Memory: 8083M
 Large Page Support: Disabled
 NUMA Support: Disabled
 Compressed Oops: Enabled (32-bit)
 Heap Region Size: 1M
 Heap Min Capacity: 8M
 Heap Initial Capacity: 128M
 Heap Max Capacity: 2G
 Pre-touch: Disabled
 Parallel Workers: 4
 Concurrent Workers: 1
 Concurrent Refinement Workers: 4
 Periodic GC: Disabled
Heap:
 garbage-first heap   total 166912K, used 100333K [0x0000000080000000, 0x0000000100000000)
  region size 1024K, 3 young (3072K), 3 survivors (3072K)
 Metaspace       used 104300K, committed 104960K, reserved 1179648K
  class space    used 14271K, committed 14592K, reserved 1048576K
GC Heap History (20 events):
Event: 21.083 GC heap after
{Heap after GC invocations=29 (full 0):
 garbage-first heap   total 166912K, used 64258K [0x0000000080000000, 0x0000000100000000)
  region size 1024K, 2 young (2048K), 2 survivors (2048K)
 Metaspace       used 68451K, committed 68992K, reserved 1114112K
  class space    used 9249K, committed 9536K, reserved 1048576K
}
Event: 22.640 GC heap before
{Heap before GC invocations=29 (full 0):
 garbage-first heap   total 166912K, used 126722K [0x0000000080000000, 0x0000000100000000)
  region size 1024K, 62 young (63488K), 2 survivors (2048K)
 Metaspace       used 73034K, committed 73536K, reserved 1114112K
  class space    used 9873K, committed 10112K, reserved 1048576K
}
Event: 22.645 GC heap after
{Heap after GC invocations=30 (full 0):
 garbage-first heap   total 166912K, used 67983K [0x0000000080000000, 0x0000000100000000)
  region size 1024K, 4 young (4096K), 4 survivors (4096K)
 Metaspace       used 73034K, committed 73536K, reserved 1114112K
  class space    used 9873K, committed 10112K, reserved 1048576K
}
Event: 23.901 GC heap before
{Heap before GC invocations=30 (full 0):
 garbage-first heap   total 166912K, used 128399K [0x0000000080000000, 0x0000000100000000)
  region size 1024K, 63 young (64512K), 4 survivors (4096K)
 Metaspace       used 78180K, committed 78784K, reserved 1179648K
  class space    used 10552K, committed 10816K, reserved 1048576K
}
Event: 23.918 GC heap after
{Heap after GC invocations=31 (full 0):
 garbage-first heap   total 166912K, used 72234K [0x0000000080000000, 0x0000000100000000)
  region size 1024K, 8 young (8192K), 8 survivors (8192K)
 Metaspace       used 78180K, committed 78784K, reserved 1179648K
  class space    used 10552K, committed 10816K, reserved 1048576K
}
Event: 25.408 GC heap before
{Heap before GC invocations=31 (full 0):
 garbage-first heap   total 166912K, used 132650K [0x0000000080000000, 0x0000000100000000)
  region size 1024K, 66 young (67584K), 8 survivors (8192K)
 Metaspace       used 82242K, committed 82816K, reserved 1179648K
  class space    used 11292K, committed 11584K, reserved 1048576K
}
Event: 25.421 GC heap after
{Heap after GC invocations=32 (full 0):
 garbage-first heap   total 166912K, used 74019K [0x0000000080000000, 0x0000000100000000)
  region size 1024K, 6 young (6144K), 6 survivors (6144K)
 Metaspace       used 82242K, committed 82816K, reserved 1179648K
  class space    used 11292K, committed 11584K, reserved 1048576K
}
Event: 27.800 GC heap before
{Heap before GC invocations=32 (full 0):
 garbage-first heap   total 166912K, used 133411K [0x0000000080000000, 0x0000000100000000)
  region size 1024K, 64 young (65536K), 6 survivors (6144K)
 Metaspace       used 86832K, committed 87424K, reserved 1179648K
  class space    used 11962K, committed 12224K, reserved 1048576K
}
Event: 27.815 GC heap after
{Heap after GC invocations=33 (full 0):
 garbage-first heap   total 166912K, used 77662K [0x0000000080000000, 0x0000000100000000)
  region size 1024K, 6 young (6144K), 6 survivors (6144K)
 Metaspace       used 86832K, committed 87424K, reserved 1179648K
  class space    used 11962K, committed 12224K, reserved 1048576K
}
Event: 29.549 GC heap before
{Heap before GC invocations=33 (full 0):
 garbage-first heap   total 166912K, used 135006K [0x0000000080000000, 0x0000000100000000)
  region size 1024K, 62 young (63488K), 6 survivors (6144K)
 Metaspace       used 91994K, committed 92736K, reserved 1179648K
  class space    used 12728K, committed 13120K, reserved 1048576K
}
Event: 29.560 GC heap after
{Heap after GC invocations=34 (full 0):
 garbage-first heap   total 166912K, used 80464K [0x0000000080000000, 0x0000000100000000)
  region size 1024K, 6 young (6144K), 6 survivors (6144K)
 Metaspace       used 91994K, committed 92736K, reserved 1179648K
  class space    used 12728K, committed 13120K, reserved 1048576K
}
Event: 31.478 GC heap before
{Heap before GC invocations=34 (full 0):
 garbage-first heap   total 166912K, used 140880K [0x0000000080000000, 0x0000000100000000)
  region size 1024K, 61 young (62464K), 6 survivors (6144K)
 Metaspace       used 96648K, committed 97344K, reserved 1179648K
  class space    used 13273K, committed 13632K, reserved 1048576K
}
Event: 31.495 GC heap after
{Heap after GC invocations=35 (full 0):
 garbage-first heap   total 166912K, used 86016K [0x0000000080000000, 0x0000000100000000)
  region size 1024K, 8 young (8192K), 8 survivors (8192K)
 Metaspace       used 96648K, committed 97344K, reserved 1179648K
  class space    used 13273K, committed 13632K, reserved 1048576K
}
Event: 32.665 GC heap before
{Heap before GC invocations=35 (full 0):
 garbage-first heap   total 166912K, used 136191K [0x0000000080000000, 0x0000000100000000)
  region size 1024K, 57 young (58368K), 8 survivors (8192K)
 Metaspace       used 97372K, committed 98112K, reserved 1179648K
  class space    used 13377K, committed 13760K, reserved 1048576K
}
Event: 32.682 GC heap after
{Heap after GC invocations=36 (full 0):
 garbage-first heap   total 166912K, used 91870K [0x0000000080000000, 0x0000000100000000)
  region size 1024K, 6 young (6144K), 6 survivors (6144K)
 Metaspace       used 97372K, committed 98112K, reserved 1179648K
  class space    used 13377K, committed 13760K, reserved 1048576K
}
Event: 34.010 GC heap before
{Heap before GC invocations=36 (full 0):
 garbage-first heap   total 166912K, used 135902K [0x0000000080000000, 0x0000000100000000)
  region size 1024K, 49 young (50176K), 6 survivors (6144K)
 Metaspace       used 97930K, committed 98688K, reserved 1179648K
  class space    used 13429K, committed 13824K, reserved 1048576K
}
Event: 34.025 GC heap after
{Heap after GC invocations=37 (full 0):
 garbage-first heap   total 166912K, used 94155K [0x0000000080000000, 0x0000000100000000)
  region size 1024K, 5 young (5120K), 5 survivors (5120K)
 Metaspace       used 97930K, committed 98688K, reserved 1179648K
  class space    used 13429K, committed 13824K, reserved 1048576K
}
Event: 34.993 GC heap before
{Heap before GC invocations=37 (full 0):
 garbage-first heap   total 166912K, used 135115K [0x0000000080000000, 0x0000000100000000)
  region size 1024K, 46 young (47104K), 5 survivors (5120K)
 Metaspace       used 98822K, committed 99520K, reserved 1179648K
  class space    used 13549K, committed 13888K, reserved 1048576K
}
Event: 35.006 GC heap after
{Heap after GC invocations=38 (full 0):
 garbage-first heap   total 166912K, used 97357K [0x0000000080000000, 0x0000000100000000)
  region size 1024K, 6 young (6144K), 6 survivors (6144K)
 Metaspace       used 98822K, committed 99520K, reserved 1179648K
  class space    used 13549K, committed 13888K, reserved 1048576K
}
Event: 35.865 GC heap before
{Heap before GC invocations=38 (full 0):
 garbage-first heap   total 166912K, used 131149K [0x0000000080000000, 0x0000000100000000)
  region size 1024K, 41 young (41984K), 6 survivors (6144K)
 Metaspace       used 104300K, committed 104960K, reserved 1179648K
  class space    used 14271K, committed 14592K, reserved 1048576K
}

