# JRE version: OpenJDK Runtime Environment (17.0.10) (build 17.0.10+0--11572160)
# Java VM: OpenJDK 64-Bit Server VM (17.0.10+0--11572160, mixed mode, tiered, compressed oops, compressed class ptrs, g1 gc, windows-amd64)
GC Precious Log:
 CPUs: 4 total, 4 available
 Memory: 8083M
 Large Page Support: Disabled
 NUMA Support: Disabled
 Compressed Oops: Enabled (32-bit)
 Heap Region Size: 1M
 Heap Min Capacity: 8M
 Heap Initial Capacity: 128M
 Heap Max Capacity: 2G
 Pre-touch: Disabled
 Parallel Workers: 4
 Concurrent Workers: 1
 Concurrent Refinement Workers: 4
 Periodic GC: Disabled
Heap:
 garbage-first heap   total 414720K, used 296214K [0x0000000080000000, 0x0000000100000000)
  region size 1024K, 31 young (31744K), 14 survivors (14336K)
 Metaspace       used 131009K, committed 131840K, reserved 1179648K
  class space    used 17856K, committed 18240K, reserved 1048576K
GC Heap History (20 events):
Event: 67.424 GC heap before
{Heap before GC invocations=79 (full 0):
 garbage-first heap   total 414720K, used 366346K [0x0000000080000000, 0x0000000100000000)
  region size 1024K, 179 young (183296K), 10 survivors (10240K)
 Metaspace       used 128972K, committed 129728K, reserved 1179648K
  class space    used 17613K, committed 17984K, reserved 1048576K
}
Event: 67.447 GC heap after
{Heap after GC invocations=80 (full 0):
 garbage-first heap   total 414720K, used 186895K [0x0000000080000000, 0x0000000100000000)
  region size 1024K, 8 young (8192K), 8 survivors (8192K)
 Metaspace       used 128972K, committed 129728K, reserved 1179648K
  class space    used 17613K, committed 17984K, reserved 1048576K
}
Event: 73.212 GC heap before
{Heap before GC invocations=80 (full 0):
 garbage-first heap   total 414720K, used 364047K [0x0000000080000000, 0x0000000100000000)
  region size 1024K, 181 young (185344K), 8 survivors (8192K)
 Metaspace       used 129012K, committed 129792K, reserved 1179648K
  class space    used 17615K, committed 17984K, reserved 1048576K
}
Event: 73.239 GC heap after
{Heap after GC invocations=81 (full 0):
 garbage-first heap   total 414720K, used 187602K [0x0000000080000000, 0x0000000100000000)
  region size 1024K, 9 young (9216K), 9 survivors (9216K)
 Metaspace       used 129012K, committed 129792K, reserved 1179648K
  class space    used 17615K, committed 17984K, reserved 1048576K
}
Event: 74.708 GC heap before
{Heap before GC invocations=81 (full 0):
 garbage-first heap   total 414720K, used 361682K [0x0000000080000000, 0x0000000100000000)
  region size 1024K, 179 young (183296K), 9 survivors (9216K)
 Metaspace       used 129015K, committed 129792K, reserved 1179648K
  class space    used 17615K, committed 17984K, reserved 1048576K
}
Event: 74.733 GC heap after
{Heap after GC invocations=82 (full 0):
 garbage-first heap   total 414720K, used 188538K [0x0000000080000000, 0x0000000100000000)
  region size 1024K, 9 young (9216K), 9 survivors (9216K)
 Metaspace       used 129015K, committed 129792K, reserved 1179648K
  class space    used 17615K, committed 17984K, reserved 1048576K
}
Event: 76.226 GC heap before
{Heap before GC invocations=82 (full 0):
 garbage-first heap   total 414720K, used 362618K [0x0000000080000000, 0x0000000100000000)
  region size 1024K, 179 young (183296K), 9 survivors (9216K)
 Metaspace       used 129016K, committed 129792K, reserved 1179648K
  class space    used 17615K, committed 17984K, reserved 1048576K
}
Event: 76.263 GC heap after
{Heap after GC invocations=83 (full 0):
 garbage-first heap   total 414720K, used 189713K [0x0000000080000000, 0x0000000100000000)
  region size 1024K, 10 young (10240K), 10 survivors (10240K)
 Metaspace       used 129016K, committed 129792K, reserved 1179648K
  class space    used 17615K, committed 17984K, reserved 1048576K
}
Event: 78.172 GC heap before
{Heap before GC invocations=83 (full 0):
 garbage-first heap   total 414720K, used 361745K [0x0000000080000000, 0x0000000100000000)
  region size 1024K, 178 young (182272K), 10 survivors (10240K)
 Metaspace       used 129016K, committed 129792K, reserved 1179648K
  class space    used 17615K, committed 17984K, reserved 1048576K
}
Event: 78.206 GC heap after
{Heap after GC invocations=84 (full 0):
 garbage-first heap   total 414720K, used 190230K [0x0000000080000000, 0x0000000100000000)
  region size 1024K, 10 young (10240K), 10 survivors (10240K)
 Metaspace       used 129016K, committed 129792K, reserved 1179648K
  class space    used 17615K, committed 17984K, reserved 1048576K
}
Event: 80.062 GC heap before
{Heap before GC invocations=84 (full 0):
 garbage-first heap   total 414720K, used 361238K [0x0000000080000000, 0x0000000100000000)
  region size 1024K, 178 young (182272K), 10 survivors (10240K)
 Metaspace       used 129085K, committed 129856K, reserved 1179648K
  class space    used 17622K, committed 17984K, reserved 1048576K
}
Event: 80.098 GC heap after
{Heap after GC invocations=85 (full 0):
 garbage-first heap   total 414720K, used 195646K [0x0000000080000000, 0x0000000100000000)
  region size 1024K, 15 young (15360K), 15 survivors (15360K)
 Metaspace       used 129085K, committed 129856K, reserved 1179648K
  class space    used 17622K, committed 17984K, reserved 1048576K
}
Event: 81.281 GC heap before
{Heap before GC invocations=85 (full 0):
 garbage-first heap   total 414720K, used 262206K [0x0000000080000000, 0x0000000100000000)
  region size 1024K, 60 young (61440K), 15 survivors (15360K)
 Metaspace       used 129915K, committed 130688K, reserved 1179648K
  class space    used 17755K, committed 18112K, reserved 1048576K
}
Event: 81.305 GC heap after
{Heap after GC invocations=86 (full 0):
 garbage-first heap   total 414720K, used 206268K [0x0000000080000000, 0x0000000100000000)
  region size 1024K, 10 young (10240K), 10 survivors (10240K)
 Metaspace       used 129915K, committed 130688K, reserved 1179648K
  class space    used 17755K, committed 18112K, reserved 1048576K
}
Event: 81.375 GC heap before
{Heap before GC invocations=86 (full 0):
 garbage-first heap   total 414720K, used 241084K [0x0000000080000000, 0x0000000100000000)
  region size 1024K, 22 young (22528K), 10 survivors (10240K)
 Metaspace       used 130120K, committed 130944K, reserved 1179648K
  class space    used 17776K, committed 18176K, reserved 1048576K
}
Event: 81.391 GC heap after
{Heap after GC invocations=87 (full 0):
 garbage-first heap   total 414720K, used 220508K [0x0000000080000000, 0x0000000100000000)
  region size 1024K, 13 young (13312K), 13 survivors (13312K)
 Metaspace       used 130120K, committed 130944K, reserved 1179648K
  class space    used 17776K, committed 18176K, reserved 1048576K
}
Event: 82.803 GC heap before
{Heap before GC invocations=87 (full 0):
 garbage-first heap   total 414720K, used 361820K [0x0000000080000000, 0x0000000100000000)
  region size 1024K, 147 young (150528K), 13 survivors (13312K)
 Metaspace       used 130934K, committed 131712K, reserved 1179648K
  class space    used 17858K, committed 18240K, reserved 1048576K
}
Event: 82.876 GC heap after
{Heap after GC invocations=88 (full 0):
 garbage-first heap   total 414720K, used 250415K [0x0000000080000000, 0x0000000100000000)
  region size 1024K, 19 young (19456K), 19 survivors (19456K)
 Metaspace       used 130934K, committed 131712K, reserved 1179648K
  class space    used 17858K, committed 18240K, reserved 1048576K
}
Event: 83.526 GC heap before
{Heap before GC invocations=88 (full 0):
 garbage-first heap   total 414720K, used 337455K [0x0000000080000000, 0x0000000100000000)
  region size 1024K, 105 young (107520K), 19 survivors (19456K)
 Metaspace       used 130947K, committed 131776K, reserved 1179648K
  class space    used 17858K, committed 18240K, reserved 1048576K
}
Event: 83.626 GC heap after
{Heap after GC invocations=89 (full 0):
 garbage-first heap   total 414720K, used 289046K [0x0000000080000000, 0x0000000100000000)
  region size 1024K, 14 young (14336K), 14 survivors (14336K)
 Metaspace       used 130947K, committed 131776K, reserved 1179648K
  class space    used 17858K, committed 18240K, reserved 1048576K
}

