# JRE version: OpenJDK Runtime Environment (17.0.10) (build 17.0.10+0--11572160)
# Java VM: OpenJDK 64-Bit Server VM (17.0.10+0--11572160, mixed mode, tiered, compressed oops, compressed class ptrs, g1 gc, windows-amd64)
GC Precious Log:
 CPUs: 4 total, 4 available
 Memory: 8083M
 Large Page Support: Disabled
 NUMA Support: Disabled
 Compressed Oops: Enabled (32-bit)
 Heap Region Size: 1M
 Heap Min Capacity: 8M
 Heap Initial Capacity: 128M
 Heap Max Capacity: 2G
 Pre-touch: Disabled
 Parallel Workers: 4
 Concurrent Workers: 1
 Concurrent Refinement Workers: 4
 Periodic GC: Disabled
Heap:
 garbage-first heap   total 82944K, used 58734K [0x0000000080000000, 0x0000000100000000)
  region size 1024K, 26 young (26624K), 3 survivors (3072K)
 Metaspace       used 53480K, committed 53888K, reserved 1114112K
  class space    used 7350K, committed 7552K, reserved 1048576K
GC Heap History (20 events):
Event: 4.852 GC heap before
{Heap before GC invocations=3 (full 0):
 garbage-first heap   total 131072K, used 59429K [0x0000000080000000, 0x0000000100000000)
  region size 1024K, 49 young (50176K), 1 survivors (1024K)
 Metaspace       used 21263K, committed 21504K, reserved 1114112K
  class space    used 2501K, committed 2624K, reserved 1048576K
}
Event: 4.867 GC heap after
{Heap after GC invocations=4 (full 0):
 garbage-first heap   total 131072K, used 18844K [0x0000000080000000, 0x0000000100000000)
  region size 1024K, 8 young (8192K), 8 survivors (8192K)
 Metaspace       used 21263K, committed 21504K, reserved 1114112K
  class space    used 2501K, committed 2624K, reserved 1048576K
}
Event: 6.045 GC heap before
{Heap before GC invocations=5 (full 0):
 garbage-first heap   total 68608K, used 51612K [0x0000000080000000, 0x0000000100000000)
  region size 1024K, 40 young (40960K), 8 survivors (8192K)
 Metaspace       used 26292K, committed 26560K, reserved 1114112K
  class space    used 3375K, committed 3456K, reserved 1048576K
}
Event: 6.056 GC heap after
{Heap after GC invocations=6 (full 0):
 garbage-first heap   total 68608K, used 20983K [0x0000000080000000, 0x0000000100000000)
  region size 1024K, 2 young (2048K), 2 survivors (2048K)
 Metaspace       used 26292K, committed 26560K, reserved 1114112K
  class space    used 3375K, committed 3456K, reserved 1048576K
}
Event: 6.934 GC heap before
{Heap before GC invocations=6 (full 0):
 garbage-first heap   total 68608K, used 48631K [0x0000000080000000, 0x0000000100000000)
  region size 1024K, 30 young (30720K), 2 survivors (2048K)
 Metaspace       used 30212K, committed 30528K, reserved 1114112K
  class space    used 4052K, committed 4160K, reserved 1048576K
}
Event: 6.941 GC heap after
{Heap after GC invocations=7 (full 0):
 garbage-first heap   total 68608K, used 22332K [0x0000000080000000, 0x0000000100000000)
  region size 1024K, 4 young (4096K), 4 survivors (4096K)
 Metaspace       used 30212K, committed 30528K, reserved 1114112K
  class space    used 4052K, committed 4160K, reserved 1048576K
}
Event: 8.225 GC heap before
{Heap before GC invocations=7 (full 0):
 garbage-first heap   total 68608K, used 49980K [0x0000000080000000, 0x0000000100000000)
  region size 1024K, 31 young (31744K), 4 survivors (4096K)
 Metaspace       used 33560K, committed 33856K, reserved 1114112K
  class space    used 4582K, committed 4736K, reserved 1048576K
}
Event: 8.236 GC heap after
{Heap after GC invocations=8 (full 0):
 garbage-first heap   total 68608K, used 23685K [0x0000000080000000, 0x0000000100000000)
  region size 1024K, 3 young (3072K), 3 survivors (3072K)
 Metaspace       used 33560K, committed 33856K, reserved 1114112K
  class space    used 4582K, committed 4736K, reserved 1048576K
}
Event: 8.854 GC heap before
{Heap before GC invocations=8 (full 0):
 garbage-first heap   total 68608K, used 34949K [0x0000000080000000, 0x0000000100000000)
  region size 1024K, 15 young (15360K), 3 survivors (3072K)
 Metaspace       used 35618K, committed 35968K, reserved 1114112K
  class space    used 4867K, committed 5056K, reserved 1048576K
}
Event: 8.860 GC heap after
{Heap after GC invocations=9 (full 0):
 garbage-first heap   total 68608K, used 24271K [0x0000000080000000, 0x0000000100000000)
  region size 1024K, 2 young (2048K), 2 survivors (2048K)
 Metaspace       used 35618K, committed 35968K, reserved 1114112K
  class space    used 4867K, committed 5056K, reserved 1048576K
}
Event: 9.725 GC heap before
{Heap before GC invocations=10 (full 0):
 garbage-first heap   total 68608K, used 51919K [0x0000000080000000, 0x0000000100000000)
  region size 1024K, 30 young (30720K), 2 survivors (2048K)
 Metaspace       used 40895K, committed 41216K, reserved 1114112K
  class space    used 5415K, committed 5568K, reserved 1048576K
}
Event: 9.734 GC heap after
{Heap after GC invocations=11 (full 0):
 garbage-first heap   total 68608K, used 27727K [0x0000000080000000, 0x0000000100000000)
  region size 1024K, 4 young (4096K), 4 survivors (4096K)
 Metaspace       used 40895K, committed 41216K, reserved 1114112K
  class space    used 5415K, committed 5568K, reserved 1048576K
}
Event: 10.047 GC heap before
{Heap before GC invocations=11 (full 0):
 garbage-first heap   total 68608K, used 53327K [0x0000000080000000, 0x0000000100000000)
  region size 1024K, 29 young (29696K), 4 survivors (4096K)
 Metaspace       used 41956K, committed 42304K, reserved 1114112K
  class space    used 5589K, committed 5760K, reserved 1048576K
}
Event: 10.060 GC heap after
{Heap after GC invocations=12 (full 0):
 garbage-first heap   total 68608K, used 29831K [0x0000000080000000, 0x0000000100000000)
  region size 1024K, 2 young (2048K), 2 survivors (2048K)
 Metaspace       used 41956K, committed 42304K, reserved 1114112K
  class space    used 5589K, committed 5760K, reserved 1048576K
}
Event: 10.740 GC heap before
{Heap before GC invocations=12 (full 0):
 garbage-first heap   total 68608K, used 53383K [0x0000000080000000, 0x0000000100000000)
  region size 1024K, 25 young (25600K), 2 survivors (2048K)
 Metaspace       used 44625K, committed 45056K, reserved 1114112K
  class space    used 6022K, committed 6208K, reserved 1048576K
}
Event: 10.748 GC heap after
{Heap after GC invocations=13 (full 0):
 garbage-first heap   total 68608K, used 31381K [0x0000000080000000, 0x0000000100000000)
  region size 1024K, 4 young (4096K), 4 survivors (4096K)
 Metaspace       used 44625K, committed 45056K, reserved 1114112K
  class space    used 6022K, committed 6208K, reserved 1048576K
}
Event: 11.404 GC heap before
{Heap before GC invocations=13 (full 0):
 garbage-first heap   total 68608K, used 53909K [0x0000000080000000, 0x0000000100000000)
  region size 1024K, 26 young (26624K), 4 survivors (4096K)
 Metaspace       used 47274K, committed 47680K, reserved 1114112K
  class space    used 6467K, committed 6656K, reserved 1048576K
}
Event: 11.412 GC heap after
{Heap after GC invocations=14 (full 0):
 garbage-first heap   total 68608K, used 32691K [0x0000000080000000, 0x0000000100000000)
  region size 1024K, 4 young (4096K), 4 survivors (4096K)
 Metaspace       used 47274K, committed 47680K, reserved 1114112K
  class space    used 6467K, committed 6656K, reserved 1048576K
}
Event: 12.100 GC heap before
{Heap before GC invocations=14 (full 0):
 garbage-first heap   total 68608K, used 54195K [0x0000000080000000, 0x0000000100000000)
  region size 1024K, 25 young (25600K), 4 survivors (4096K)
 Metaspace       used 50246K, committed 50624K, reserved 1114112K
  class space    used 6922K, committed 7104K, reserved 1048576K
}
Event: 12.107 GC heap after
{Heap after GC invocations=15 (full 0):
 garbage-first heap   total 82944K, used 34158K [0x0000000080000000, 0x0000000100000000)
  region size 1024K, 3 young (3072K), 3 survivors (3072K)
 Metaspace       used 50246K, committed 50624K, reserved 1114112K
  class space    used 6922K, committed 7104K, reserved 1048576K
}

