# JRE version: OpenJDK Runtime Environment (17.0.10) (build 17.0.10+0--11572160)
# Java VM: OpenJDK 64-Bit Server VM (17.0.10+0--11572160, mixed mode, tiered, compressed oops, compressed class ptrs, g1 gc, windows-amd64)
GC Precious Log:
 CPUs: 4 total, 4 available
 Memory: 8083M
 Large Page Support: Disabled
 NUMA Support: Disabled
 Compressed Oops: Enabled (32-bit)
 Heap Region Size: 1M
 Heap Min Capacity: 8M
 Heap Initial Capacity: 128M
 Heap Max Capacity: 2G
 Pre-touch: Disabled
 Parallel Workers: 4
 Concurrent Workers: 1
 Concurrent Refinement Workers: 4
 Periodic GC: Disabled
Heap:
 garbage-first heap   total 82944K, used 44921K [0x0000000080000000, 0x0000000100000000)
  region size 1024K, 18 young (18432K), 3 survivors (3072K)
 Metaspace       used 46511K, committed 46976K, reserved 1114112K
  class space    used 6339K, committed 6592K, reserved 1048576K
GC Heap History (20 events):
Event: 1.543 GC heap before
{Heap before GC invocations=1 (full 0):
 garbage-first heap   total 131072K, used 22841K [0x0000000080000000, 0x0000000100000000)
  region size 1024K, 18 young (18432K), 2 survivors (2048K)
 Metaspace       used 11363K, committed 11584K, reserved 1114112K
  class space    used 1195K, committed 1280K, reserved 1048576K
}
Event: 1.549 GC heap after
{Heap after GC invocations=2 (full 0):
 garbage-first heap   total 131072K, used 11012K [0x0000000080000000, 0x0000000100000000)
  region size 1024K, 3 young (3072K), 3 survivors (3072K)
 Metaspace       used 11363K, committed 11584K, reserved 1114112K
  class space    used 1195K, committed 1280K, reserved 1048576K
}
Event: 2.128 GC heap before
{Heap before GC invocations=2 (full 0):
 garbage-first heap   total 131072K, used 33540K [0x0000000080000000, 0x0000000100000000)
  region size 1024K, 25 young (25600K), 3 survivors (3072K)
 Metaspace       used 11451K, committed 11648K, reserved 1114112K
  class space    used 1196K, committed 1280K, reserved 1048576K
}
Event: 2.131 GC heap after
{Heap after GC invocations=3 (full 0):
 garbage-first heap   total 131072K, used 11420K [0x0000000080000000, 0x0000000100000000)
  region size 1024K, 1 young (1024K), 1 survivors (1024K)
 Metaspace       used 11451K, committed 11648K, reserved 1114112K
  class space    used 1196K, committed 1280K, reserved 1048576K
}
Event: 3.989 GC heap before
{Heap before GC invocations=3 (full 0):
 garbage-first heap   total 131072K, used 60572K [0x0000000080000000, 0x0000000100000000)
  region size 1024K, 50 young (51200K), 1 survivors (1024K)
 Metaspace       used 21295K, committed 21504K, reserved 1114112K
  class space    used 2506K, committed 2624K, reserved 1048576K
}
Event: 3.998 GC heap after
{Heap after GC invocations=4 (full 0):
 garbage-first heap   total 131072K, used 18933K [0x0000000080000000, 0x0000000100000000)
  region size 1024K, 8 young (8192K), 8 survivors (8192K)
 Metaspace       used 21295K, committed 21504K, reserved 1114112K
  class space    used 2506K, committed 2624K, reserved 1048576K
}
Event: 4.945 GC heap before
{Heap before GC invocations=5 (full 0):
 garbage-first heap   total 68608K, used 51701K [0x0000000080000000, 0x0000000100000000)
  region size 1024K, 40 young (40960K), 8 survivors (8192K)
 Metaspace       used 26280K, committed 26496K, reserved 1114112K
  class space    used 3377K, committed 3456K, reserved 1048576K
}
Event: 4.959 GC heap after
{Heap after GC invocations=6 (full 0):
 garbage-first heap   total 68608K, used 20696K [0x0000000080000000, 0x0000000100000000)
  region size 1024K, 2 young (2048K), 2 survivors (2048K)
 Metaspace       used 26280K, committed 26496K, reserved 1114112K
  class space    used 3377K, committed 3456K, reserved 1048576K
}
Event: 5.764 GC heap before
{Heap before GC invocations=6 (full 0):
 garbage-first heap   total 68608K, used 48344K [0x0000000080000000, 0x0000000100000000)
  region size 1024K, 29 young (29696K), 2 survivors (2048K)
 Metaspace       used 30047K, committed 30272K, reserved 1114112K
  class space    used 4021K, committed 4096K, reserved 1048576K
}
Event: 5.771 GC heap after
{Heap after GC invocations=7 (full 0):
 garbage-first heap   total 68608K, used 22091K [0x0000000080000000, 0x0000000100000000)
  region size 1024K, 4 young (4096K), 4 survivors (4096K)
 Metaspace       used 30047K, committed 30272K, reserved 1114112K
  class space    used 4021K, committed 4096K, reserved 1048576K
}
Event: 6.358 GC heap before
{Heap before GC invocations=7 (full 0):
 garbage-first heap   total 68608K, used 49739K [0x0000000080000000, 0x0000000100000000)
  region size 1024K, 31 young (31744K), 4 survivors (4096K)
 Metaspace       used 33457K, committed 33792K, reserved 1114112K
  class space    used 4567K, committed 4736K, reserved 1048576K
}
Event: 6.365 GC heap after
{Heap after GC invocations=8 (full 0):
 garbage-first heap   total 68608K, used 23346K [0x0000000080000000, 0x0000000100000000)
  region size 1024K, 3 young (3072K), 3 survivors (3072K)
 Metaspace       used 33457K, committed 33792K, reserved 1114112K
  class space    used 4567K, committed 4736K, reserved 1048576K
}
Event: 6.714 GC heap before
{Heap before GC invocations=8 (full 0):
 garbage-first heap   total 68608K, used 35634K [0x0000000080000000, 0x0000000100000000)
  region size 1024K, 16 young (16384K), 3 survivors (3072K)
 Metaspace       used 35630K, committed 35968K, reserved 1114112K
  class space    used 4882K, committed 5056K, reserved 1048576K
}
Event: 6.720 GC heap after
{Heap after GC invocations=9 (full 0):
 garbage-first heap   total 68608K, used 24132K [0x0000000080000000, 0x0000000100000000)
  region size 1024K, 2 young (2048K), 2 survivors (2048K)
 Metaspace       used 35630K, committed 35968K, reserved 1114112K
  class space    used 4882K, committed 5056K, reserved 1048576K
}
Event: 7.608 GC heap before
{Heap before GC invocations=10 (full 0):
 garbage-first heap   total 68608K, used 52804K [0x0000000080000000, 0x0000000100000000)
  region size 1024K, 31 young (31744K), 2 survivors (2048K)
 Metaspace       used 40787K, committed 41088K, reserved 1114112K
  class space    used 5414K, committed 5568K, reserved 1048576K
}
Event: 7.615 GC heap after
{Heap after GC invocations=11 (full 0):
 garbage-first heap   total 68608K, used 27949K [0x0000000080000000, 0x0000000100000000)
  region size 1024K, 4 young (4096K), 4 survivors (4096K)
 Metaspace       used 40787K, committed 41088K, reserved 1114112K
  class space    used 5414K, committed 5568K, reserved 1048576K
}
Event: 8.085 GC heap before
{Heap before GC invocations=11 (full 0):
 garbage-first heap   total 68608K, used 52525K [0x0000000080000000, 0x0000000100000000)
  region size 1024K, 28 young (28672K), 4 survivors (4096K)
 Metaspace       used 41906K, committed 42304K, reserved 1114112K
  class space    used 5590K, committed 5760K, reserved 1048576K
}
Event: 8.094 GC heap after
{Heap after GC invocations=12 (full 0):
 garbage-first heap   total 68608K, used 29074K [0x0000000080000000, 0x0000000100000000)
  region size 1024K, 2 young (2048K), 2 survivors (2048K)
 Metaspace       used 41906K, committed 42304K, reserved 1114112K
  class space    used 5590K, committed 5760K, reserved 1048576K
}
Event: 9.023 GC heap before
{Heap before GC invocations=12 (full 0):
 garbage-first heap   total 68608K, used 52626K [0x0000000080000000, 0x0000000100000000)
  region size 1024K, 26 young (26624K), 2 survivors (2048K)
 Metaspace       used 44817K, committed 45184K, reserved 1114112K
  class space    used 6058K, committed 6208K, reserved 1048576K
}
Event: 9.029 GC heap after
{Heap after GC invocations=13 (full 0):
 garbage-first heap   total 82944K, used 30585K [0x0000000080000000, 0x0000000100000000)
  region size 1024K, 3 young (3072K), 3 survivors (3072K)
 Metaspace       used 44817K, committed 45184K, reserved 1114112K
  class space    used 6058K, committed 6208K, reserved 1048576K
}

